2024-01-02T17:06:39.562+05:30  INFO 10312 --- [AMYPO] [restartedMain] c.a.a.AmypobackendApplication            : Starting AmypobackendApplication using Java 17.0.6 with PID 10312 (E:\Dev Zone\GitHub\Amypo\server\target\classes started by USER in E:\Dev Zone\GitHub\Amypo\server)
2024-01-02T17:06:39.611+05:30  INFO 10312 --- [AMYPO] [restartedMain] c.a.a.AmypobackendApplication            : No active profile set, falling back to 1 default profile: "default"
2024-01-02T17:06:39.949+05:30  INFO 10312 --- [AMYPO] [restartedMain] .e.DevToolsPropertyDefaultsPostProcessor : Devtools property defaults active! Set 'spring.devtools.add-properties' to 'false' to disable
2024-01-02T17:06:39.949+05:30  INFO 10312 --- [AMYPO] [restartedMain] .e.DevToolsPropertyDefaultsPostProcessor : For additional web related logging consider setting the 'logging.level.web' property to 'DEBUG'
2024-01-02T17:06:46.389+05:30  INFO 10312 --- [AMYPO] [restartedMain] .s.d.r.c.RepositoryConfigurationDelegate : Bootstrapping Spring Data JPA repositories in DEFAULT mode.
2024-01-02T17:06:46.803+05:30  INFO 10312 --- [AMYPO] [restartedMain] .s.d.r.c.RepositoryConfigurationDelegate : Finished Spring Data repository scanning in 268 ms. Found 3 JPA repository interfaces.
2024-01-02T17:06:50.790+05:30  INFO 10312 --- [AMYPO] [restartedMain] o.s.b.w.embedded.tomcat.TomcatWebServer  : Tomcat initialized with port 8080 (http)
2024-01-02T17:06:50.860+05:30  INFO 10312 --- [AMYPO] [restartedMain] o.apache.catalina.core.StandardService   : Starting service [Tomcat]
2024-01-02T17:06:50.860+05:30  INFO 10312 --- [AMYPO] [restartedMain] o.apache.catalina.core.StandardEngine    : Starting Servlet engine: [Apache Tomcat/10.1.16]
2024-01-02T17:06:51.170+05:30  INFO 10312 --- [AMYPO] [restartedMain] o.a.c.c.C.[.[localhost].[/api/v1]        : Initializing Spring embedded WebApplicationContext
2024-01-02T17:06:51.173+05:30  INFO 10312 --- [AMYPO] [restartedMain] w.s.c.ServletWebServerApplicationContext : Root WebApplicationContext: initialization completed in 11218 ms
2024-01-02T17:06:51.911+05:30  INFO 10312 --- [AMYPO] [restartedMain] o.hibernate.jpa.internal.util.LogHelper  : HHH000204: Processing PersistenceUnitInfo [name: default]
2024-01-02T17:06:52.604+05:30  INFO 10312 --- [AMYPO] [restartedMain] org.hibernate.Version                    : HHH000412: Hibernate ORM core version 6.3.1.Final
2024-01-02T17:06:53.649+05:30  INFO 10312 --- [AMYPO] [restartedMain] o.h.c.internal.RegionFactoryInitiator    : HHH000026: Second-level cache disabled
2024-01-02T17:06:55.324+05:30  INFO 10312 --- [AMYPO] [restartedMain] o.s.o.j.p.SpringPersistenceUnitInfo      : No LoadTimeWeaver setup: ignoring JPA class transformer
2024-01-02T17:06:55.545+05:30  INFO 10312 --- [AMYPO] [restartedMain] com.zaxxer.hikari.HikariDataSource       : HikariPool-1 - Starting...
2024-01-02T17:06:59.983+05:30  INFO 10312 --- [AMYPO] [restartedMain] com.zaxxer.hikari.pool.HikariPool        : HikariPool-1 - Added connection com.mysql.cj.jdbc.ConnectionImpl@6bd37eb0
2024-01-02T17:07:00.006+05:30  INFO 10312 --- [AMYPO] [restartedMain] com.zaxxer.hikari.HikariDataSource       : HikariPool-1 - Start completed.
2024-01-02T17:07:00.219+05:30  WARN 10312 --- [AMYPO] [restartedMain] org.hibernate.orm.deprecation            : HHH90000025: MySQL8Dialect does not need to be specified explicitly using 'hibernate.dialect' (remove the property setting and it will be selected by default)
2024-01-02T17:07:00.223+05:30  WARN 10312 --- [AMYPO] [restartedMain] org.hibernate.orm.deprecation            : HHH90000026: MySQL8Dialect has been deprecated; use org.hibernate.dialect.MySQLDialect instead
2024-01-02T17:07:03.556+05:30  INFO 10312 --- [AMYPO] [restartedMain] o.h.e.t.j.p.i.JtaPlatformInitiator       : HHH000489: No JTA platform available (set 'hibernate.transaction.jta.platform' to enable JTA platform integration)
2024-01-02T17:07:04.025+05:30  INFO 10312 --- [AMYPO] [restartedMain] j.LocalContainerEntityManagerFactoryBean : Initialized JPA EntityManagerFactory for persistence unit 'default'
2024-01-02T17:07:04.876+05:30  INFO 10312 --- [AMYPO] [restartedMain] o.s.d.j.r.query.QueryEnhancerFactory     : Hibernate is in classpath; If applicable, HQL parser will be used.
2024-01-02T17:07:06.989+05:30  WARN 10312 --- [AMYPO] [restartedMain] JpaBaseConfiguration$JpaWebConfiguration : spring.jpa.open-in-view is enabled by default. Therefore, database queries may be performed during view rendering. Explicitly configure spring.jpa.open-in-view to disable this warning
2024-01-02T17:07:08.099+05:30  INFO 10312 --- [AMYPO] [restartedMain] o.s.s.web.DefaultSecurityFilterChain     : Will secure any request with [org.springframework.security.web.session.DisableEncodeUrlFilter@3e245105, org.springframework.security.web.context.request.async.WebAsyncManagerIntegrationFilter@3adfbe4a, org.springframework.security.web.context.SecurityContextHolderFilter@77ce8523, org.springframework.security.web.header.HeaderWriterFilter@5596d133, org.springframework.web.filter.CorsFilter@5b2e0704, org.springframework.security.web.authentication.logout.LogoutFilter@32de551d, com.amypo.amypobackend.configs.JwtAuthenticationFilter@4887805d, org.springframework.security.web.savedrequest.RequestCacheAwareFilter@68933484, org.springframework.security.web.servletapi.SecurityContextHolderAwareRequestFilter@27585c8b, org.springframework.security.web.authentication.AnonymousAuthenticationFilter@2db08759, org.springframework.security.web.session.SessionManagementFilter@44d3d3f0, org.springframework.security.web.access.ExceptionTranslationFilter@397198c0, org.springframework.security.web.access.intercept.AuthorizationFilter@1b43f79c]
2024-01-02T17:07:09.554+05:30  INFO 10312 --- [AMYPO] [restartedMain] o.s.b.d.a.OptionalLiveReloadServer       : LiveReload server is running on port 35729
2024-01-02T17:07:09.720+05:30  INFO 10312 --- [AMYPO] [restartedMain] o.s.b.w.embedded.tomcat.TomcatWebServer  : Tomcat started on port 8080 (http) with context path '/api/v1'
2024-01-02T17:07:09.757+05:30  INFO 10312 --- [AMYPO] [restartedMain] c.a.a.AmypobackendApplication            : Started AmypobackendApplication in 32.056 seconds (process running for 41.112)
2024-01-02T17:07:17.247+05:30  INFO 10312 --- [AMYPO] [http-nio-8080-exec-1] o.a.c.c.C.[.[localhost].[/api/v1]        : Initializing Spring DispatcherServlet 'dispatcherServlet'
2024-01-02T17:07:17.250+05:30  INFO 10312 --- [AMYPO] [http-nio-8080-exec-1] o.s.web.servlet.DispatcherServlet        : Initializing Servlet 'dispatcherServlet'
2024-01-02T17:07:17.251+05:30  INFO 10312 --- [AMYPO] [http-nio-8080-exec-1] o.s.web.servlet.DispatcherServlet        : Completed initialization in 0 ms
2024-01-02T17:07:17.291+05:30 DEBUG 10312 --- [AMYPO] [http-nio-8080-exec-1] o.s.security.web.FilterChainProxy        : Securing OPTIONS /auth/login
2024-01-02T17:07:17.383+05:30 DEBUG 10312 --- [AMYPO] [http-nio-8080-exec-2] o.s.security.web.FilterChainProxy        : Securing POST /auth/login
2024-01-02T17:07:17.454+05:30 DEBUG 10312 --- [AMYPO] [http-nio-8080-exec-2] o.s.s.w.a.AnonymousAuthenticationFilter  : Set SecurityContextHolder to anonymous SecurityContext
2024-01-02T17:07:17.458+05:30  WARN 10312 --- [AMYPO] [http-nio-8080-exec-2] o.s.w.s.h.HandlerMappingIntrospector     : Cache miss for REQUEST dispatch to '/api/v1/auth/login' (previous null). Performing MatchableHandlerMapping lookup. This is logged once only at WARN level, and every time at TRACE.
2024-01-02T17:07:17.486+05:30 DEBUG 10312 --- [AMYPO] [http-nio-8080-exec-2] o.s.security.web.FilterChainProxy        : Secured POST /auth/login
2024-01-02T17:07:18.456+05:30 DEBUG 10312 --- [AMYPO] [http-nio-8080-exec-2] o.s.s.a.dao.DaoAuthenticationProvider    : Authenticated user
2024-01-02T17:07:18.748+05:30 DEBUG 10312 --- [AMYPO] [http-nio-8080-exec-4] o.s.security.web.FilterChainProxy        : Securing GET /auth/getUserById?uid=825625cf-a7b0-4c1e-9067-927b44fc04d6
2024-01-02T17:07:18.752+05:30 DEBUG 10312 --- [AMYPO] [http-nio-8080-exec-4] o.s.s.w.a.AnonymousAuthenticationFilter  : Set SecurityContextHolder to anonymous SecurityContext
2024-01-02T17:07:18.753+05:30 DEBUG 10312 --- [AMYPO] [http-nio-8080-exec-4] o.s.security.web.FilterChainProxy        : Secured GET /auth/getUserById?uid=825625cf-a7b0-4c1e-9067-927b44fc04d6
2024-01-02T17:07:27.650+05:30 DEBUG 10312 --- [AMYPO] [http-nio-8080-exec-3] o.s.security.web.FilterChainProxy        : Securing OPTIONS /admin/getEmployees
2024-01-02T17:07:27.650+05:30 DEBUG 10312 --- [AMYPO] [http-nio-8080-exec-6] o.s.security.web.FilterChainProxy        : Securing OPTIONS /admin/getEmployees
2024-01-02T17:07:27.650+05:30 DEBUG 10312 --- [AMYPO] [http-nio-8080-exec-7] o.s.security.web.FilterChainProxy        : Securing OPTIONS /admin/getEmployeesByRole
2024-01-02T17:07:27.650+05:30 DEBUG 10312 --- [AMYPO] [http-nio-8080-exec-5] o.s.security.web.FilterChainProxy        : Securing OPTIONS /admin/getEmployeesByRole
2024-01-02T17:07:27.659+05:30 DEBUG 10312 --- [AMYPO] [http-nio-8080-exec-7] o.s.security.web.FilterChainProxy        : Securing GET /admin/getEmployees
2024-01-02T17:07:27.659+05:30 DEBUG 10312 --- [AMYPO] [http-nio-8080-exec-9] o.s.security.web.FilterChainProxy        : Securing GET /admin/getEmployeesByRole
2024-01-02T17:07:27.850+05:30 DEBUG 10312 --- [AMYPO] [http-nio-8080-exec-9] o.s.security.web.FilterChainProxy        : Secured GET /admin/getEmployeesByRole
2024-01-02T17:07:27.850+05:30 DEBUG 10312 --- [AMYPO] [http-nio-8080-exec-7] o.s.security.web.FilterChainProxy        : Secured GET /admin/getEmployees
2024-01-02T17:07:27.873+05:30  WARN 10312 --- [AMYPO] [http-nio-8080-exec-9] .w.s.m.s.DefaultHandlerExceptionResolver : Resolved [org.springframework.web.bind.MissingServletRequestParameterException: Required request parameter 'role' for method parameter type String is not present]
2024-01-02T17:07:27.889+05:30 DEBUG 10312 --- [AMYPO] [http-nio-8080-exec-9] o.s.security.web.FilterChainProxy        : Securing GET /error
2024-01-02T17:07:27.900+05:30 DEBUG 10312 --- [AMYPO] [http-nio-8080-exec-9] o.s.s.w.a.AnonymousAuthenticationFilter  : Set SecurityContextHolder to anonymous SecurityContext
2024-01-02T17:07:27.918+05:30 DEBUG 10312 --- [AMYPO] [http-nio-8080-exec-9] o.s.s.w.a.Http403ForbiddenEntryPoint     : Pre-authenticated entry point called. Rejecting access
2024-01-02T17:07:27.927+05:30 DEBUG 10312 --- [AMYPO] [http-nio-8080-exec-10] o.s.security.web.FilterChainProxy        : Securing GET /admin/getEmployeesByRole
2024-01-02T17:07:27.948+05:30 DEBUG 10312 --- [AMYPO] [http-nio-8080-exec-7] o.s.security.web.FilterChainProxy        : Securing GET /admin/getEmployees
2024-01-02T17:07:27.966+05:30 DEBUG 10312 --- [AMYPO] [http-nio-8080-exec-10] o.s.security.web.FilterChainProxy        : Secured GET /admin/getEmployeesByRole
2024-01-02T17:07:27.972+05:30  WARN 10312 --- [AMYPO] [http-nio-8080-exec-10] .w.s.m.s.DefaultHandlerExceptionResolver : Resolved [org.springframework.web.bind.MissingServletRequestParameterException: Required request parameter 'role' for method parameter type String is not present]
2024-01-02T17:07:27.972+05:30 DEBUG 10312 --- [AMYPO] [http-nio-8080-exec-10] o.s.security.web.FilterChainProxy        : Securing GET /error
2024-01-02T17:07:27.986+05:30 DEBUG 10312 --- [AMYPO] [http-nio-8080-exec-10] o.s.s.w.a.AnonymousAuthenticationFilter  : Set SecurityContextHolder to anonymous SecurityContext
2024-01-02T17:07:27.991+05:30 DEBUG 10312 --- [AMYPO] [http-nio-8080-exec-10] o.s.s.w.a.Http403ForbiddenEntryPoint     : Pre-authenticated entry point called. Rejecting access
2024-01-02T17:07:27.991+05:30 DEBUG 10312 --- [AMYPO] [http-nio-8080-exec-7] o.s.security.web.FilterChainProxy        : Secured GET /admin/getEmployees
2024-01-02T17:07:37.005+05:30 DEBUG 10312 --- [AMYPO] [http-nio-8080-exec-8] o.s.security.web.FilterChainProxy        : Securing OPTIONS /admin/getEmployeesByRole?role=contentdeveloper
2024-01-02T17:07:37.005+05:30 DEBUG 10312 --- [AMYPO] [http-nio-8080-exec-5] o.s.security.web.FilterChainProxy        : Securing GET /admin/getEmployeesByRole?role=contentdeveloper
2024-01-02T17:07:37.023+05:30 DEBUG 10312 --- [AMYPO] [http-nio-8080-exec-5] o.s.security.web.FilterChainProxy        : Secured GET /admin/getEmployeesByRole?role=contentdeveloper
2024-01-02T17:07:38.324+05:30 DEBUG 10312 --- [AMYPO] [http-nio-8080-exec-1] o.s.security.web.FilterChainProxy        : Securing OPTIONS /admin/getEmployeesByRole?role=developer
2024-01-02T17:07:38.332+05:30 DEBUG 10312 --- [AMYPO] [http-nio-8080-exec-10] o.s.security.web.FilterChainProxy        : Securing GET /admin/getEmployeesByRole?role=developer
2024-01-02T17:07:38.352+05:30 DEBUG 10312 --- [AMYPO] [http-nio-8080-exec-10] o.s.security.web.FilterChainProxy        : Secured GET /admin/getEmployeesByRole?role=developer
2024-01-02T17:07:40.266+05:30 DEBUG 10312 --- [AMYPO] [http-nio-8080-exec-7] o.s.security.web.FilterChainProxy        : Securing OPTIONS /admin/getEmployeesByRole?role=all
2024-01-02T17:07:40.270+05:30 DEBUG 10312 --- [AMYPO] [http-nio-8080-exec-3] o.s.security.web.FilterChainProxy        : Securing GET /admin/getEmployeesByRole?role=all
2024-01-02T17:07:40.302+05:30 DEBUG 10312 --- [AMYPO] [http-nio-8080-exec-3] o.s.security.web.FilterChainProxy        : Secured GET /admin/getEmployeesByRole?role=all
2024-01-02T17:08:01.174+05:30 DEBUG 10312 --- [AMYPO] [http-nio-8080-exec-6] o.s.security.web.FilterChainProxy        : Securing OPTIONS /admin/getPendingLeaves
2024-01-02T17:08:01.183+05:30 DEBUG 10312 --- [AMYPO] [http-nio-8080-exec-4] o.s.security.web.FilterChainProxy        : Securing OPTIONS /admin/getleavebystatus?status=yettoapprove
2024-01-02T17:08:01.183+05:30 DEBUG 10312 --- [AMYPO] [http-nio-8080-exec-8] o.s.security.web.FilterChainProxy        : Securing OPTIONS /admin/getPendingLeaves
2024-01-02T17:08:01.183+05:30 DEBUG 10312 --- [AMYPO] [http-nio-8080-exec-5] o.s.security.web.FilterChainProxy        : Securing OPTIONS /admin/getleavebystatus?status=yettoapprove
2024-01-02T17:08:01.183+05:30 DEBUG 10312 --- [AMYPO] [http-nio-8080-exec-9] o.s.security.web.FilterChainProxy        : Securing GET /admin/getPendingLeaves
2024-01-02T17:08:01.190+05:30 DEBUG 10312 --- [AMYPO] [http-nio-8080-exec-1] o.s.security.web.FilterChainProxy        : Securing GET /admin/getleavebystatus?status=yettoapprove
2024-01-02T17:08:01.206+05:30 DEBUG 10312 --- [AMYPO] [http-nio-8080-exec-9] o.s.security.web.FilterChainProxy        : Secured GET /admin/getPendingLeaves
2024-01-02T17:08:01.225+05:30 DEBUG 10312 --- [AMYPO] [http-nio-8080-exec-1] o.s.security.web.FilterChainProxy        : Secured GET /admin/getleavebystatus?status=yettoapprove
2024-01-02T17:08:01.238+05:30 DEBUG 10312 --- [AMYPO] [http-nio-8080-exec-9] o.s.security.web.FilterChainProxy        : Securing GET /admin/getPendingLeaves
2024-01-02T17:08:01.249+05:30 DEBUG 10312 --- [AMYPO] [http-nio-8080-exec-7] o.s.security.web.FilterChainProxy        : Securing GET /admin/getleavebystatus?status=yettoapprove
2024-01-02T17:08:01.261+05:30 DEBUG 10312 --- [AMYPO] [http-nio-8080-exec-9] o.s.security.web.FilterChainProxy        : Secured GET /admin/getPendingLeaves
2024-01-02T17:08:01.274+05:30 DEBUG 10312 --- [AMYPO] [http-nio-8080-exec-7] o.s.security.web.FilterChainProxy        : Secured GET /admin/getleavebystatus?status=yettoapprove
2024-01-02T17:08:10.855+05:30 DEBUG 10312 --- [AMYPO] [http-nio-8080-exec-8] o.s.security.web.FilterChainProxy        : Securing GET /admin/getEmployees
2024-01-02T17:08:10.855+05:30 DEBUG 10312 --- [AMYPO] [http-nio-8080-exec-5] o.s.security.web.FilterChainProxy        : Securing GET /admin/getEmployeesByRole
2024-01-02T17:08:10.855+05:30 DEBUG 10312 --- [AMYPO] [http-nio-8080-exec-10] o.s.security.web.FilterChainProxy        : Securing GET /auth/getUserById?uid=825625cf-a7b0-4c1e-9067-927b44fc04d6
2024-01-02T17:08:10.855+05:30 DEBUG 10312 --- [AMYPO] [http-nio-8080-exec-8] o.s.s.w.a.AnonymousAuthenticationFilter  : Set SecurityContextHolder to anonymous SecurityContext
2024-01-02T17:08:10.855+05:30 DEBUG 10312 --- [AMYPO] [http-nio-8080-exec-10] o.s.s.w.a.AnonymousAuthenticationFilter  : Set SecurityContextHolder to anonymous SecurityContext
2024-01-02T17:08:10.855+05:30 DEBUG 10312 --- [AMYPO] [http-nio-8080-exec-5] o.s.s.w.a.AnonymousAuthenticationFilter  : Set SecurityContextHolder to anonymous SecurityContext
2024-01-02T17:08:10.862+05:30 DEBUG 10312 --- [AMYPO] [http-nio-8080-exec-10] o.s.security.web.FilterChainProxy        : Secured GET /auth/getUserById?uid=825625cf-a7b0-4c1e-9067-927b44fc04d6
2024-01-02T17:08:10.862+05:30 DEBUG 10312 --- [AMYPO] [http-nio-8080-exec-8] o.s.s.w.a.Http403ForbiddenEntryPoint     : Pre-authenticated entry point called. Rejecting access
2024-01-02T17:08:10.863+05:30 DEBUG 10312 --- [AMYPO] [http-nio-8080-exec-5] o.s.s.w.a.Http403ForbiddenEntryPoint     : Pre-authenticated entry point called. Rejecting access
2024-01-02T17:08:10.864+05:30 DEBUG 10312 --- [AMYPO] [http-nio-8080-exec-8] o.s.security.web.FilterChainProxy        : Securing GET /error
2024-01-02T17:08:10.864+05:30 DEBUG 10312 --- [AMYPO] [http-nio-8080-exec-5] o.s.security.web.FilterChainProxy        : Securing GET /error
2024-01-02T17:08:10.878+05:30 DEBUG 10312 --- [AMYPO] [http-nio-8080-exec-8] o.s.s.w.a.AnonymousAuthenticationFilter  : Set SecurityContextHolder to anonymous SecurityContext
2024-01-02T17:08:10.889+05:30 DEBUG 10312 --- [AMYPO] [http-nio-8080-exec-1] o.s.security.web.FilterChainProxy        : Securing OPTIONS /admin/getEmployees
2024-01-02T17:08:10.890+05:30 DEBUG 10312 --- [AMYPO] [http-nio-8080-exec-8] o.s.s.w.a.Http403ForbiddenEntryPoint     : Pre-authenticated entry point called. Rejecting access
2024-01-02T17:08:10.891+05:30 DEBUG 10312 --- [AMYPO] [http-nio-8080-exec-5] o.s.s.w.a.AnonymousAuthenticationFilter  : Set SecurityContextHolder to anonymous SecurityContext
2024-01-02T17:08:10.893+05:30 DEBUG 10312 --- [AMYPO] [http-nio-8080-exec-9] o.s.security.web.FilterChainProxy        : Securing OPTIONS /admin/getEmployeesByRole
2024-01-02T17:08:10.907+05:30 DEBUG 10312 --- [AMYPO] [http-nio-8080-exec-5] o.s.s.w.a.Http403ForbiddenEntryPoint     : Pre-authenticated entry point called. Rejecting access
2024-01-02T17:08:10.912+05:30 DEBUG 10312 --- [AMYPO] [http-nio-8080-exec-9] o.s.security.web.FilterChainProxy        : Securing GET /auth/getUserById?uid=825625cf-a7b0-4c1e-9067-927b44fc04d6
2024-01-02T17:08:10.913+05:30 DEBUG 10312 --- [AMYPO] [http-nio-8080-exec-3] o.s.security.web.FilterChainProxy        : Securing GET /admin/getEmployees
2024-01-02T17:08:10.913+05:30 DEBUG 10312 --- [AMYPO] [http-nio-8080-exec-9] o.s.s.w.a.AnonymousAuthenticationFilter  : Set SecurityContextHolder to anonymous SecurityContext
2024-01-02T17:08:10.914+05:30 DEBUG 10312 --- [AMYPO] [http-nio-8080-exec-9] o.s.security.web.FilterChainProxy        : Secured GET /auth/getUserById?uid=825625cf-a7b0-4c1e-9067-927b44fc04d6
2024-01-02T17:08:10.915+05:30 DEBUG 10312 --- [AMYPO] [http-nio-8080-exec-6] o.s.security.web.FilterChainProxy        : Securing GET /admin/getEmployeesByRole
2024-01-02T17:08:10.935+05:30 DEBUG 10312 --- [AMYPO] [http-nio-8080-exec-3] o.s.security.web.FilterChainProxy        : Secured GET /admin/getEmployees
2024-01-02T17:08:10.942+05:30 DEBUG 10312 --- [AMYPO] [http-nio-8080-exec-6] o.s.security.web.FilterChainProxy        : Secured GET /admin/getEmployeesByRole
2024-01-02T17:08:10.944+05:30  WARN 10312 --- [AMYPO] [http-nio-8080-exec-6] .w.s.m.s.DefaultHandlerExceptionResolver : Resolved [org.springframework.web.bind.MissingServletRequestParameterException: Required request parameter 'role' for method parameter type String is not present]
2024-01-02T17:08:10.947+05:30 DEBUG 10312 --- [AMYPO] [http-nio-8080-exec-6] o.s.security.web.FilterChainProxy        : Securing GET /error
2024-01-02T17:08:10.960+05:30 DEBUG 10312 --- [AMYPO] [http-nio-8080-exec-6] o.s.s.w.a.AnonymousAuthenticationFilter  : Set SecurityContextHolder to anonymous SecurityContext
2024-01-02T17:08:10.960+05:30 DEBUG 10312 --- [AMYPO] [http-nio-8080-exec-6] o.s.s.w.a.Http403ForbiddenEntryPoint     : Pre-authenticated entry point called. Rejecting access
2024-01-02T17:08:15.029+05:30 DEBUG 10312 --- [AMYPO] [http-nio-8080-exec-2] o.s.security.web.FilterChainProxy        : Securing OPTIONS /admin/getleavebystatus?status=yettoapprove
2024-01-02T17:08:15.029+05:30 DEBUG 10312 --- [AMYPO] [http-nio-8080-exec-4] o.s.security.web.FilterChainProxy        : Securing OPTIONS /admin/getPendingLeaves
2024-01-02T17:08:15.029+05:30 DEBUG 10312 --- [AMYPO] [http-nio-8080-exec-8] o.s.security.web.FilterChainProxy        : Securing OPTIONS /admin/getPendingLeaves
2024-01-02T17:08:15.029+05:30 DEBUG 10312 --- [AMYPO] [http-nio-8080-exec-10] o.s.security.web.FilterChainProxy        : Securing OPTIONS /admin/getleavebystatus?status=yettoapprove
2024-01-02T17:08:15.043+05:30 DEBUG 10312 --- [AMYPO] [http-nio-8080-exec-1] o.s.security.web.FilterChainProxy        : Securing GET /admin/getPendingLeaves
2024-01-02T17:08:15.043+05:30 DEBUG 10312 --- [AMYPO] [http-nio-8080-exec-7] o.s.security.web.FilterChainProxy        : Securing GET /admin/getleavebystatus?status=yettoapprove
2024-01-02T17:08:15.065+05:30 DEBUG 10312 --- [AMYPO] [http-nio-8080-exec-1] o.s.security.web.FilterChainProxy        : Secured GET /admin/getPendingLeaves
2024-01-02T17:08:15.073+05:30 DEBUG 10312 --- [AMYPO] [http-nio-8080-exec-7] o.s.security.web.FilterChainProxy        : Secured GET /admin/getleavebystatus?status=yettoapprove
2024-01-02T17:08:15.085+05:30 DEBUG 10312 --- [AMYPO] [http-nio-8080-exec-5] o.s.security.web.FilterChainProxy        : Securing GET /admin/getPendingLeaves
2024-01-02T17:08:15.093+05:30 DEBUG 10312 --- [AMYPO] [http-nio-8080-exec-9] o.s.security.web.FilterChainProxy        : Securing GET /admin/getleavebystatus?status=yettoapprove
2024-01-02T17:08:15.113+05:30 DEBUG 10312 --- [AMYPO] [http-nio-8080-exec-5] o.s.security.web.FilterChainProxy        : Secured GET /admin/getPendingLeaves
2024-01-02T17:08:15.113+05:30 DEBUG 10312 --- [AMYPO] [http-nio-8080-exec-9] o.s.security.web.FilterChainProxy        : Secured GET /admin/getleavebystatus?status=yettoapprove
2024-01-02T17:08:23.990+05:30 DEBUG 10312 --- [AMYPO] [http-nio-8080-exec-10] o.s.security.web.FilterChainProxy        : Securing OPTIONS /common/getDayAttendance?date=2024-01-02
2024-01-02T17:08:23.990+05:30 DEBUG 10312 --- [AMYPO] [http-nio-8080-exec-1] o.s.security.web.FilterChainProxy        : Securing OPTIONS /common/getTodayAttendance
2024-01-02T17:08:23.999+05:30 DEBUG 10312 --- [AMYPO] [http-nio-8080-exec-5] o.s.security.web.FilterChainProxy        : Securing OPTIONS /common/getDayAttendance?date=2024-01-02
2024-01-02T17:08:23.999+05:30 DEBUG 10312 --- [AMYPO] [http-nio-8080-exec-10] o.s.security.web.FilterChainProxy        : Securing OPTIONS /common/getDataByDateAndPresent?date=2024-01-02&isPresent=all
2024-01-02T17:08:23.999+05:30 DEBUG 10312 --- [AMYPO] [http-nio-8080-exec-9] o.s.security.web.FilterChainProxy        : Securing OPTIONS /common/getDataByDateAndPresent?date=2024-01-02&isPresent=all
2024-01-02T17:08:23.999+05:30 DEBUG 10312 --- [AMYPO] [http-nio-8080-exec-7] o.s.security.web.FilterChainProxy        : Securing OPTIONS /common/getTodayAttendance
2024-01-02T17:08:24.006+05:30 DEBUG 10312 --- [AMYPO] [http-nio-8080-exec-4] o.s.security.web.FilterChainProxy        : Securing GET /common/getDayAttendance?date=2024-01-02
2024-01-02T17:08:24.007+05:30 DEBUG 10312 --- [AMYPO] [http-nio-8080-exec-8] o.s.security.web.FilterChainProxy        : Securing GET /common/getTodayAttendance
2024-01-02T17:08:24.021+05:30 DEBUG 10312 --- [AMYPO] [http-nio-8080-exec-3] o.s.security.web.FilterChainProxy        : Securing GET /common/getDataByDateAndPresent?date=2024-01-02&isPresent=all
2024-01-02T17:08:24.038+05:30 DEBUG 10312 --- [AMYPO] [http-nio-8080-exec-8] o.s.security.web.FilterChainProxy        : Secured GET /common/getTodayAttendance
2024-01-02T17:08:24.040+05:30 DEBUG 10312 --- [AMYPO] [http-nio-8080-exec-4] o.s.security.web.FilterChainProxy        : Secured GET /common/getDayAttendance?date=2024-01-02
2024-01-02T17:08:24.054+05:30 DEBUG 10312 --- [AMYPO] [http-nio-8080-exec-4] o.s.security.web.FilterChainProxy        : Securing GET /common/getTodayAttendance
2024-01-02T17:08:24.054+05:30 DEBUG 10312 --- [AMYPO] [http-nio-8080-exec-2] o.s.security.web.FilterChainProxy        : Securing GET /common/getDayAttendance?date=2024-01-02
2024-01-02T17:08:24.054+05:30 DEBUG 10312 --- [AMYPO] [http-nio-8080-exec-3] o.s.security.web.FilterChainProxy        : Secured GET /common/getDataByDateAndPresent?date=2024-01-02&isPresent=all
2024-01-02T17:08:24.070+05:30 DEBUG 10312 --- [AMYPO] [http-nio-8080-exec-3] o.s.security.web.FilterChainProxy        : Securing GET /common/getDataByDateAndPresent?date=2024-01-02&isPresent=all
2024-01-02T17:08:24.078+05:30 DEBUG 10312 --- [AMYPO] [http-nio-8080-exec-4] o.s.security.web.FilterChainProxy        : Secured GET /common/getTodayAttendance
2024-01-02T17:08:24.103+05:30 DEBUG 10312 --- [AMYPO] [http-nio-8080-exec-2] o.s.security.web.FilterChainProxy        : Secured GET /common/getDayAttendance?date=2024-01-02
2024-01-02T17:08:24.103+05:30 DEBUG 10312 --- [AMYPO] [http-nio-8080-exec-3] o.s.security.web.FilterChainProxy        : Secured GET /common/getDataByDateAndPresent?date=2024-01-02&isPresent=all
2024-01-02T17:08:28.283+05:30 DEBUG 10312 --- [AMYPO] [http-nio-8080-exec-5] o.s.security.web.FilterChainProxy        : Securing OPTIONS /common/getDayAttendance?date=2024-01-01
2024-01-02T17:08:28.287+05:30 DEBUG 10312 --- [AMYPO] [http-nio-8080-exec-7] o.s.security.web.FilterChainProxy        : Securing GET /common/getDayAttendance?date=2024-01-01
2024-01-02T17:08:28.312+05:30 DEBUG 10312 --- [AMYPO] [http-nio-8080-exec-7] o.s.security.web.FilterChainProxy        : Secured GET /common/getDayAttendance?date=2024-01-01
2024-01-02T17:08:31.456+05:30 DEBUG 10312 --- [AMYPO] [http-nio-8080-exec-4] o.s.security.web.FilterChainProxy        : Securing OPTIONS /common/getDayAttendance?date=2024-01-26
2024-01-02T17:08:31.470+05:30 DEBUG 10312 --- [AMYPO] [http-nio-8080-exec-3] o.s.security.web.FilterChainProxy        : Securing GET /common/getDayAttendance?date=2024-01-26
2024-01-02T17:08:31.492+05:30 DEBUG 10312 --- [AMYPO] [http-nio-8080-exec-3] o.s.security.web.FilterChainProxy        : Secured GET /common/getDayAttendance?date=2024-01-26
2024-01-02T17:08:34.420+05:30 DEBUG 10312 --- [AMYPO] [http-nio-8080-exec-2] o.s.security.web.FilterChainProxy        : Securing OPTIONS /common/getDayAttendance?date=2023-12-26
2024-01-02T17:08:34.426+05:30 DEBUG 10312 --- [AMYPO] [http-nio-8080-exec-5] o.s.security.web.FilterChainProxy        : Securing GET /common/getDayAttendance?date=2023-12-26
2024-01-02T17:08:34.449+05:30 DEBUG 10312 --- [AMYPO] [http-nio-8080-exec-5] o.s.security.web.FilterChainProxy        : Secured GET /common/getDayAttendance?date=2023-12-26
2024-01-02T17:08:36.005+05:30 DEBUG 10312 --- [AMYPO] [http-nio-8080-exec-9] o.s.security.web.FilterChainProxy        : Securing OPTIONS /common/getDayAttendance?date=2023-12-27
2024-01-02T17:08:36.011+05:30 DEBUG 10312 --- [AMYPO] [http-nio-8080-exec-10] o.s.security.web.FilterChainProxy        : Securing GET /common/getDayAttendance?date=2023-12-27
2024-01-02T17:08:36.048+05:30 DEBUG 10312 --- [AMYPO] [http-nio-8080-exec-10] o.s.security.web.FilterChainProxy        : Secured GET /common/getDayAttendance?date=2023-12-27
2024-01-02T17:08:39.240+05:30 DEBUG 10312 --- [AMYPO] [http-nio-8080-exec-6] o.s.security.web.FilterChainProxy        : Securing OPTIONS /common/getDayAttendance?date=2023-12-28
2024-01-02T17:08:39.250+05:30 DEBUG 10312 --- [AMYPO] [http-nio-8080-exec-1] o.s.security.web.FilterChainProxy        : Securing GET /common/getDayAttendance?date=2023-12-28
2024-01-02T17:08:39.275+05:30 DEBUG 10312 --- [AMYPO] [http-nio-8080-exec-1] o.s.security.web.FilterChainProxy        : Secured GET /common/getDayAttendance?date=2023-12-28
2024-01-02T17:08:44.127+05:30 DEBUG 10312 --- [AMYPO] [http-nio-8080-exec-7] o.s.security.web.FilterChainProxy        : Securing GET /common/getTodayAttendance
2024-01-02T17:08:44.127+05:30 DEBUG 10312 --- [AMYPO] [http-nio-8080-exec-7] o.s.s.w.a.AnonymousAuthenticationFilter  : Set SecurityContextHolder to anonymous SecurityContext
2024-01-02T17:08:44.135+05:30 DEBUG 10312 --- [AMYPO] [http-nio-8080-exec-4] o.s.security.web.FilterChainProxy        : Securing GET /common/getDayAttendance?date=2024-01-02
2024-01-02T17:08:44.135+05:30 DEBUG 10312 --- [AMYPO] [http-nio-8080-exec-3] o.s.security.web.FilterChainProxy        : Securing GET /common/getDataByDateAndPresent?date=2024-01-02&isPresent=all
2024-01-02T17:08:44.135+05:30 DEBUG 10312 --- [AMYPO] [http-nio-8080-exec-7] o.s.s.w.a.Http403ForbiddenEntryPoint     : Pre-authenticated entry point called. Rejecting access
2024-01-02T17:08:44.135+05:30 DEBUG 10312 --- [AMYPO] [http-nio-8080-exec-2] o.s.security.web.FilterChainProxy        : Securing GET /auth/getUserById?uid=825625cf-a7b0-4c1e-9067-927b44fc04d6
2024-01-02T17:08:44.135+05:30 DEBUG 10312 --- [AMYPO] [http-nio-8080-exec-4] o.s.s.w.a.AnonymousAuthenticationFilter  : Set SecurityContextHolder to anonymous SecurityContext
2024-01-02T17:08:44.135+05:30 DEBUG 10312 --- [AMYPO] [http-nio-8080-exec-3] o.s.s.w.a.AnonymousAuthenticationFilter  : Set SecurityContextHolder to anonymous SecurityContext
2024-01-02T17:08:44.135+05:30 DEBUG 10312 --- [AMYPO] [http-nio-8080-exec-2] o.s.s.w.a.AnonymousAuthenticationFilter  : Set SecurityContextHolder to anonymous SecurityContext
2024-01-02T17:08:44.135+05:30 DEBUG 10312 --- [AMYPO] [http-nio-8080-exec-3] o.s.s.w.a.Http403ForbiddenEntryPoint     : Pre-authenticated entry point called. Rejecting access
2024-01-02T17:08:44.135+05:30 DEBUG 10312 --- [AMYPO] [http-nio-8080-exec-7] o.s.security.web.FilterChainProxy        : Securing GET /error
2024-01-02T17:08:44.135+05:30 DEBUG 10312 --- [AMYPO] [http-nio-8080-exec-4] o.s.s.w.a.Http403ForbiddenEntryPoint     : Pre-authenticated entry point called. Rejecting access
2024-01-02T17:08:44.135+05:30 DEBUG 10312 --- [AMYPO] [http-nio-8080-exec-2] o.s.security.web.FilterChainProxy        : Secured GET /auth/getUserById?uid=825625cf-a7b0-4c1e-9067-927b44fc04d6
2024-01-02T17:08:44.135+05:30 DEBUG 10312 --- [AMYPO] [http-nio-8080-exec-3] o.s.security.web.FilterChainProxy        : Securing GET /error?date=2024-01-02&isPresent=all
2024-01-02T17:08:44.135+05:30 DEBUG 10312 --- [AMYPO] [http-nio-8080-exec-4] o.s.security.web.FilterChainProxy        : Securing GET /error?date=2024-01-02
2024-01-02T17:08:44.151+05:30 DEBUG 10312 --- [AMYPO] [http-nio-8080-exec-5] o.s.security.web.FilterChainProxy        : Securing OPTIONS /common/getTodayAttendance
2024-01-02T17:08:44.161+05:30 DEBUG 10312 --- [AMYPO] [http-nio-8080-exec-9] o.s.security.web.FilterChainProxy        : Securing OPTIONS /common/getDayAttendance?date=2024-01-02
2024-01-02T17:08:44.158+05:30 DEBUG 10312 --- [AMYPO] [http-nio-8080-exec-7] o.s.s.w.a.AnonymousAuthenticationFilter  : Set SecurityContextHolder to anonymous SecurityContext
2024-01-02T17:08:44.161+05:30 DEBUG 10312 --- [AMYPO] [http-nio-8080-exec-7] o.s.s.w.a.Http403ForbiddenEntryPoint     : Pre-authenticated entry point called. Rejecting access
2024-01-02T17:08:44.161+05:30 DEBUG 10312 --- [AMYPO] [http-nio-8080-exec-10] o.s.security.web.FilterChainProxy        : Securing OPTIONS /common/getDataByDateAndPresent?date=2024-01-02&isPresent=all
2024-01-02T17:08:44.161+05:30 DEBUG 10312 --- [AMYPO] [http-nio-8080-exec-3] o.s.s.w.a.AnonymousAuthenticationFilter  : Set SecurityContextHolder to anonymous SecurityContext
2024-01-02T17:08:44.161+05:30 DEBUG 10312 --- [AMYPO] [http-nio-8080-exec-4] o.s.s.w.a.AnonymousAuthenticationFilter  : Set SecurityContextHolder to anonymous SecurityContext
2024-01-02T17:08:44.167+05:30 DEBUG 10312 --- [AMYPO] [http-nio-8080-exec-4] o.s.s.w.a.Http403ForbiddenEntryPoint     : Pre-authenticated entry point called. Rejecting access
2024-01-02T17:08:44.170+05:30 DEBUG 10312 --- [AMYPO] [http-nio-8080-exec-8] o.s.security.web.FilterChainProxy        : Securing GET /common/getTodayAttendance
2024-01-02T17:08:44.167+05:30 DEBUG 10312 --- [AMYPO] [http-nio-8080-exec-3] o.s.s.w.a.Http403ForbiddenEntryPoint     : Pre-authenticated entry point called. Rejecting access
2024-01-02T17:08:44.205+05:30 DEBUG 10312 --- [AMYPO] [http-nio-8080-exec-6] o.s.security.web.FilterChainProxy        : Securing GET /common/getDayAttendance?date=2024-01-02
2024-01-02T17:08:44.221+05:30 DEBUG 10312 --- [AMYPO] [http-nio-8080-exec-1] o.s.security.web.FilterChainProxy        : Securing GET /auth/getUserById?uid=825625cf-a7b0-4c1e-9067-927b44fc04d6
2024-01-02T17:08:44.221+05:30 DEBUG 10312 --- [AMYPO] [http-nio-8080-exec-3] o.s.security.web.FilterChainProxy        : Securing GET /common/getDataByDateAndPresent?date=2024-01-02&isPresent=all
2024-01-02T17:08:44.229+05:30 DEBUG 10312 --- [AMYPO] [http-nio-8080-exec-8] o.s.security.web.FilterChainProxy        : Secured GET /common/getTodayAttendance
2024-01-02T17:08:44.253+05:30 DEBUG 10312 --- [AMYPO] [http-nio-8080-exec-1] o.s.s.w.a.AnonymousAuthenticationFilter  : Set SecurityContextHolder to anonymous SecurityContext
2024-01-02T17:08:44.259+05:30 DEBUG 10312 --- [AMYPO] [http-nio-8080-exec-1] o.s.security.web.FilterChainProxy        : Secured GET /auth/getUserById?uid=825625cf-a7b0-4c1e-9067-927b44fc04d6
2024-01-02T17:08:44.283+05:30 DEBUG 10312 --- [AMYPO] [http-nio-8080-exec-3] o.s.security.web.FilterChainProxy        : Secured GET /common/getDataByDateAndPresent?date=2024-01-02&isPresent=all
2024-01-02T17:08:44.291+05:30 DEBUG 10312 --- [AMYPO] [http-nio-8080-exec-6] o.s.security.web.FilterChainProxy        : Secured GET /common/getDayAttendance?date=2024-01-02
2024-01-02T17:08:49.114+05:30 DEBUG 10312 --- [AMYPO] [http-nio-8080-exec-8] o.s.security.web.FilterChainProxy        : Securing OPTIONS /common/makeAttendance?date=2024-01-02
2024-01-02T17:08:49.119+05:30 DEBUG 10312 --- [AMYPO] [http-nio-8080-exec-1] o.s.security.web.FilterChainProxy        : Securing POST /common/makeAttendance?date=2024-01-02
2024-01-02T17:08:49.144+05:30 DEBUG 10312 --- [AMYPO] [http-nio-8080-exec-1] o.s.security.web.FilterChainProxy        : Secured POST /common/makeAttendance?date=2024-01-02
2024-01-02T17:08:49.290+05:30 DEBUG 10312 --- [AMYPO] [http-nio-8080-exec-3] o.s.security.web.FilterChainProxy        : Securing OPTIONS /common/getDayAttendance?date=2024-01-02
2024-01-02T17:08:49.290+05:30 DEBUG 10312 --- [AMYPO] [http-nio-8080-exec-6] o.s.security.web.FilterChainProxy        : Securing GET /common/getDayAttendance?date=2024-01-02
2024-01-02T17:08:49.305+05:30 DEBUG 10312 --- [AMYPO] [http-nio-8080-exec-6] o.s.security.web.FilterChainProxy        : Secured GET /common/getDayAttendance?date=2024-01-02
2024-01-02T17:09:42.432+05:30 DEBUG 10312 --- [AMYPO] [http-nio-8080-exec-2] o.s.security.web.FilterChainProxy        : Securing OPTIONS /common/getDataByDateAndPresent?date=2024-01-02&isPresent=Present
2024-01-02T17:09:42.440+05:30 DEBUG 10312 --- [AMYPO] [http-nio-8080-exec-9] o.s.security.web.FilterChainProxy        : Securing GET /common/getDataByDateAndPresent?date=2024-01-02&isPresent=Present
2024-01-02T17:09:42.464+05:30 DEBUG 10312 --- [AMYPO] [http-nio-8080-exec-9] o.s.security.web.FilterChainProxy        : Secured GET /common/getDataByDateAndPresent?date=2024-01-02&isPresent=Present
2024-01-02T17:09:45.722+05:30 DEBUG 10312 --- [AMYPO] [http-nio-8080-exec-7] o.s.security.web.FilterChainProxy        : Securing GET /common/getDayAttendance?date=2024-01-02
2024-01-02T17:09:45.722+05:30 DEBUG 10312 --- [AMYPO] [http-nio-8080-exec-5] o.s.security.web.FilterChainProxy        : Securing GET /common/getTodayAttendance
2024-01-02T17:09:45.722+05:30 DEBUG 10312 --- [AMYPO] [http-nio-8080-exec-8] o.s.security.web.FilterChainProxy        : Securing GET /common/getDataByDateAndPresent?date=2024-01-02&isPresent=all
2024-01-02T17:09:45.722+05:30 DEBUG 10312 --- [AMYPO] [http-nio-8080-exec-1] o.s.security.web.FilterChainProxy        : Securing GET /auth/getUserById?uid=825625cf-a7b0-4c1e-9067-927b44fc04d6
2024-01-02T17:09:45.722+05:30 DEBUG 10312 --- [AMYPO] [http-nio-8080-exec-7] o.s.s.w.a.AnonymousAuthenticationFilter  : Set SecurityContextHolder to anonymous SecurityContext
2024-01-02T17:09:45.722+05:30 DEBUG 10312 --- [AMYPO] [http-nio-8080-exec-8] o.s.s.w.a.AnonymousAuthenticationFilter  : Set SecurityContextHolder to anonymous SecurityContext
2024-01-02T17:09:45.722+05:30 DEBUG 10312 --- [AMYPO] [http-nio-8080-exec-5] o.s.s.w.a.AnonymousAuthenticationFilter  : Set SecurityContextHolder to anonymous SecurityContext
2024-01-02T17:09:45.722+05:30 DEBUG 10312 --- [AMYPO] [http-nio-8080-exec-7] o.s.s.w.a.Http403ForbiddenEntryPoint     : Pre-authenticated entry point called. Rejecting access
2024-01-02T17:09:45.722+05:30 DEBUG 10312 --- [AMYPO] [http-nio-8080-exec-8] o.s.s.w.a.Http403ForbiddenEntryPoint     : Pre-authenticated entry point called. Rejecting access
2024-01-02T17:09:45.722+05:30 DEBUG 10312 --- [AMYPO] [http-nio-8080-exec-7] o.s.security.web.FilterChainProxy        : Securing GET /error?date=2024-01-02
2024-01-02T17:09:45.722+05:30 DEBUG 10312 --- [AMYPO] [http-nio-8080-exec-5] o.s.s.w.a.Http403ForbiddenEntryPoint     : Pre-authenticated entry point called. Rejecting access
2024-01-02T17:09:45.722+05:30 DEBUG 10312 --- [AMYPO] [http-nio-8080-exec-1] o.s.s.w.a.AnonymousAuthenticationFilter  : Set SecurityContextHolder to anonymous SecurityContext
2024-01-02T17:09:45.722+05:30 DEBUG 10312 --- [AMYPO] [http-nio-8080-exec-8] o.s.security.web.FilterChainProxy        : Securing GET /error?date=2024-01-02&isPresent=all
2024-01-02T17:09:45.739+05:30 DEBUG 10312 --- [AMYPO] [http-nio-8080-exec-7] o.s.s.w.a.AnonymousAuthenticationFilter  : Set SecurityContextHolder to anonymous SecurityContext
2024-01-02T17:09:45.739+05:30 DEBUG 10312 --- [AMYPO] [http-nio-8080-exec-5] o.s.security.web.FilterChainProxy        : Securing GET /error
2024-01-02T17:09:45.740+05:30 DEBUG 10312 --- [AMYPO] [http-nio-8080-exec-1] o.s.security.web.FilterChainProxy        : Secured GET /auth/getUserById?uid=825625cf-a7b0-4c1e-9067-927b44fc04d6
2024-01-02T17:09:45.740+05:30 DEBUG 10312 --- [AMYPO] [http-nio-8080-exec-7] o.s.s.w.a.Http403ForbiddenEntryPoint     : Pre-authenticated entry point called. Rejecting access
2024-01-02T17:09:45.744+05:30 DEBUG 10312 --- [AMYPO] [http-nio-8080-exec-8] o.s.s.w.a.AnonymousAuthenticationFilter  : Set SecurityContextHolder to anonymous SecurityContext
2024-01-02T17:09:45.744+05:30 DEBUG 10312 --- [AMYPO] [http-nio-8080-exec-8] o.s.s.w.a.Http403ForbiddenEntryPoint     : Pre-authenticated entry point called. Rejecting access
2024-01-02T17:09:45.744+05:30 DEBUG 10312 --- [AMYPO] [http-nio-8080-exec-5] o.s.s.w.a.AnonymousAuthenticationFilter  : Set SecurityContextHolder to anonymous SecurityContext
2024-01-02T17:09:45.744+05:30 DEBUG 10312 --- [AMYPO] [http-nio-8080-exec-5] o.s.s.w.a.Http403ForbiddenEntryPoint     : Pre-authenticated entry point called. Rejecting access
2024-01-02T17:09:45.744+05:30 DEBUG 10312 --- [AMYPO] [http-nio-8080-exec-3] o.s.security.web.FilterChainProxy        : Securing OPTIONS /common/getTodayAttendance
2024-01-02T17:09:45.752+05:30 DEBUG 10312 --- [AMYPO] [http-nio-8080-exec-6] o.s.security.web.FilterChainProxy        : Securing OPTIONS /common/getDataByDateAndPresent?date=2024-01-02&isPresent=all
2024-01-02T17:09:45.752+05:30 DEBUG 10312 --- [AMYPO] [http-nio-8080-exec-4] o.s.security.web.FilterChainProxy        : Securing OPTIONS /common/getDayAttendance?date=2024-01-02
2024-01-02T17:09:45.776+05:30 DEBUG 10312 --- [AMYPO] [http-nio-8080-exec-2] o.s.security.web.FilterChainProxy        : Securing GET /common/getTodayAttendance
2024-01-02T17:09:45.779+05:30 DEBUG 10312 --- [AMYPO] [http-nio-8080-exec-9] o.s.security.web.FilterChainProxy        : Securing GET /common/getDataByDateAndPresent?date=2024-01-02&isPresent=all
2024-01-02T17:09:45.779+05:30 DEBUG 10312 --- [AMYPO] [http-nio-8080-exec-10] o.s.security.web.FilterChainProxy        : Securing GET /common/getDayAttendance?date=2024-01-02
2024-01-02T17:09:45.789+05:30 DEBUG 10312 --- [AMYPO] [http-nio-8080-exec-7] o.s.security.web.FilterChainProxy        : Securing GET /auth/getUserById?uid=825625cf-a7b0-4c1e-9067-927b44fc04d6
2024-01-02T17:09:45.793+05:30 DEBUG 10312 --- [AMYPO] [http-nio-8080-exec-7] o.s.s.w.a.AnonymousAuthenticationFilter  : Set SecurityContextHolder to anonymous SecurityContext
2024-01-02T17:09:45.803+05:30 DEBUG 10312 --- [AMYPO] [http-nio-8080-exec-7] o.s.security.web.FilterChainProxy        : Secured GET /auth/getUserById?uid=825625cf-a7b0-4c1e-9067-927b44fc04d6
2024-01-02T17:09:45.803+05:30 DEBUG 10312 --- [AMYPO] [http-nio-8080-exec-9] o.s.security.web.FilterChainProxy        : Secured GET /common/getDataByDateAndPresent?date=2024-01-02&isPresent=all
2024-01-02T17:09:45.803+05:30 DEBUG 10312 --- [AMYPO] [http-nio-8080-exec-10] o.s.security.web.FilterChainProxy        : Secured GET /common/getDayAttendance?date=2024-01-02
2024-01-02T17:09:45.807+05:30 DEBUG 10312 --- [AMYPO] [http-nio-8080-exec-2] o.s.security.web.FilterChainProxy        : Secured GET /common/getTodayAttendance
2024-01-02T17:09:47.886+05:30 DEBUG 10312 --- [AMYPO] [http-nio-8080-exec-8] o.s.security.web.FilterChainProxy        : Securing OPTIONS /common/getDataByDateAndPresent?date=2024-01-02&isPresent=Present
2024-01-02T17:09:47.891+05:30 DEBUG 10312 --- [AMYPO] [http-nio-8080-exec-5] o.s.security.web.FilterChainProxy        : Securing GET /common/getDataByDateAndPresent?date=2024-01-02&isPresent=Present
2024-01-02T17:09:47.921+05:30 DEBUG 10312 --- [AMYPO] [http-nio-8080-exec-5] o.s.security.web.FilterChainProxy        : Secured GET /common/getDataByDateAndPresent?date=2024-01-02&isPresent=Present
2024-01-02T17:09:51.831+05:30 DEBUG 10312 --- [AMYPO] [http-nio-8080-exec-3] o.s.security.web.FilterChainProxy        : Securing OPTIONS /common/getDataByDateAndPresent?date=2024-01-02&isPresent=Absent
2024-01-02T17:09:51.831+05:30 DEBUG 10312 --- [AMYPO] [http-nio-8080-exec-4] o.s.security.web.FilterChainProxy        : Securing GET /common/getDataByDateAndPresent?date=2024-01-02&isPresent=Absent
2024-01-02T17:09:51.857+05:30 DEBUG 10312 --- [AMYPO] [http-nio-8080-exec-4] o.s.security.web.FilterChainProxy        : Secured GET /common/getDataByDateAndPresent?date=2024-01-02&isPresent=Absent
2024-01-02T17:09:53.616+05:30 DEBUG 10312 --- [AMYPO] [http-nio-8080-exec-8] o.s.security.web.FilterChainProxy        : Securing OPTIONS /common/getDataByDateAndPresent?date=2024-01-02&isPresent=Half+Day
2024-01-02T17:09:53.630+05:30 DEBUG 10312 --- [AMYPO] [http-nio-8080-exec-5] o.s.security.web.FilterChainProxy        : Securing GET /common/getDataByDateAndPresent?date=2024-01-02&isPresent=Half+Day
2024-01-02T17:09:53.637+05:30 DEBUG 10312 --- [AMYPO] [http-nio-8080-exec-5] o.s.security.web.FilterChainProxy        : Secured GET /common/getDataByDateAndPresent?date=2024-01-02&isPresent=Half+Day
2024-01-02T17:09:55.083+05:30 DEBUG 10312 --- [AMYPO] [http-nio-8080-exec-3] o.s.security.web.FilterChainProxy        : Securing GET /common/getDataByDateAndPresent?date=2024-01-02&isPresent=Absent
2024-01-02T17:09:55.095+05:30 DEBUG 10312 --- [AMYPO] [http-nio-8080-exec-3] o.s.security.web.FilterChainProxy        : Secured GET /common/getDataByDateAndPresent?date=2024-01-02&isPresent=Absent
2024-01-02T17:10:06.077+05:30 DEBUG 10312 --- [AMYPO] [http-nio-8080-exec-4] o.s.security.web.FilterChainProxy        : Securing OPTIONS /common/getDataByDateAndPresent?date=2024-01-02&isPresent=all
2024-01-02T17:10:06.086+05:30 DEBUG 10312 --- [AMYPO] [http-nio-8080-exec-6] o.s.security.web.FilterChainProxy        : Securing GET /common/getDataByDateAndPresent?date=2024-01-02&isPresent=all
2024-01-02T17:10:06.102+05:30 DEBUG 10312 --- [AMYPO] [http-nio-8080-exec-6] o.s.security.web.FilterChainProxy        : Secured GET /common/getDataByDateAndPresent?date=2024-01-02&isPresent=all
2024-01-02T17:10:07.551+05:30 DEBUG 10312 --- [AMYPO] [http-nio-8080-exec-10] o.s.security.web.FilterChainProxy        : Securing OPTIONS /common/getDataByDateAndPresent?date=2024-01-02&isPresent=Present
2024-01-02T17:10:07.557+05:30 DEBUG 10312 --- [AMYPO] [http-nio-8080-exec-9] o.s.security.web.FilterChainProxy        : Securing GET /common/getDataByDateAndPresent?date=2024-01-02&isPresent=Present
2024-01-02T17:10:07.577+05:30 DEBUG 10312 --- [AMYPO] [http-nio-8080-exec-9] o.s.security.web.FilterChainProxy        : Secured GET /common/getDataByDateAndPresent?date=2024-01-02&isPresent=Present
2024-01-02T17:10:09.173+05:30 DEBUG 10312 --- [AMYPO] [http-nio-8080-exec-7] o.s.security.web.FilterChainProxy        : Securing OPTIONS /common/makeAttendance?date=2024-01-02
2024-01-02T17:10:09.181+05:30 DEBUG 10312 --- [AMYPO] [http-nio-8080-exec-1] o.s.security.web.FilterChainProxy        : Securing POST /common/makeAttendance?date=2024-01-02
2024-01-02T17:10:09.205+05:30 DEBUG 10312 --- [AMYPO] [http-nio-8080-exec-1] o.s.security.web.FilterChainProxy        : Secured POST /common/makeAttendance?date=2024-01-02
2024-01-02T17:10:09.232+05:30 DEBUG 10312 --- [AMYPO] [http-nio-8080-exec-8] o.s.security.web.FilterChainProxy        : Securing OPTIONS /common/getDayAttendance?date=2024-01-02
2024-01-02T17:10:09.237+05:30 DEBUG 10312 --- [AMYPO] [http-nio-8080-exec-5] o.s.security.web.FilterChainProxy        : Securing GET /common/getDayAttendance?date=2024-01-02
2024-01-02T17:10:09.244+05:30 DEBUG 10312 --- [AMYPO] [http-nio-8080-exec-5] o.s.security.web.FilterChainProxy        : Secured GET /common/getDayAttendance?date=2024-01-02
2024-01-02T17:10:17.897+05:30 DEBUG 10312 --- [AMYPO] [http-nio-8080-exec-3] o.s.security.web.FilterChainProxy        : Securing OPTIONS /common/markAttendance
2024-01-02T17:10:17.905+05:30 DEBUG 10312 --- [AMYPO] [http-nio-8080-exec-4] o.s.security.web.FilterChainProxy        : Securing POST /common/markAttendance
2024-01-02T17:10:17.930+05:30 DEBUG 10312 --- [AMYPO] [http-nio-8080-exec-4] o.s.security.web.FilterChainProxy        : Secured POST /common/markAttendance
2024-01-02T17:10:22.657+05:30 DEBUG 10312 --- [AMYPO] [http-nio-8080-exec-10] o.s.security.web.FilterChainProxy        : Securing OPTIONS /common/getDataByDateAndPresent?date=2024-01-02&isPresent=Absent
2024-01-02T17:10:22.662+05:30 DEBUG 10312 --- [AMYPO] [http-nio-8080-exec-9] o.s.security.web.FilterChainProxy        : Securing GET /common/getDataByDateAndPresent?date=2024-01-02&isPresent=Absent
2024-01-02T17:10:22.680+05:30 DEBUG 10312 --- [AMYPO] [http-nio-8080-exec-9] o.s.security.web.FilterChainProxy        : Secured GET /common/getDataByDateAndPresent?date=2024-01-02&isPresent=Absent
2024-01-02T17:10:25.841+05:30 DEBUG 10312 --- [AMYPO] [http-nio-8080-exec-2] o.s.security.web.FilterChainProxy        : Securing OPTIONS /common/getDataByDateAndPresent?date=2024-01-02&isPresent=Present
2024-01-02T17:10:25.850+05:30 DEBUG 10312 --- [AMYPO] [http-nio-8080-exec-7] o.s.security.web.FilterChainProxy        : Securing GET /common/getDataByDateAndPresent?date=2024-01-02&isPresent=Present
2024-01-02T17:10:25.873+05:30 DEBUG 10312 --- [AMYPO] [http-nio-8080-exec-7] o.s.security.web.FilterChainProxy        : Secured GET /common/getDataByDateAndPresent?date=2024-01-02&isPresent=Present
2024-01-02T17:10:30.431+05:30 DEBUG 10312 --- [AMYPO] [http-nio-8080-exec-8] o.s.security.web.FilterChainProxy        : Securing OPTIONS /common/getDataByDateAndPresent?date=2024-01-02&isPresent=all
2024-01-02T17:10:30.433+05:30 DEBUG 10312 --- [AMYPO] [http-nio-8080-exec-5] o.s.security.web.FilterChainProxy        : Securing GET /common/getDataByDateAndPresent?date=2024-01-02&isPresent=all
2024-01-02T17:10:30.449+05:30 DEBUG 10312 --- [AMYPO] [http-nio-8080-exec-5] o.s.security.web.FilterChainProxy        : Secured GET /common/getDataByDateAndPresent?date=2024-01-02&isPresent=all
2024-01-02T17:10:36.370+05:30 DEBUG 10312 --- [AMYPO] [http-nio-8080-exec-3] o.s.security.web.FilterChainProxy        : Securing OPTIONS /common/getDayAttendance?date=2024-01-03
2024-01-02T17:10:36.382+05:30 DEBUG 10312 --- [AMYPO] [http-nio-8080-exec-4] o.s.security.web.FilterChainProxy        : Securing GET /common/getDayAttendance?date=2024-01-03
2024-01-02T17:10:36.400+05:30 DEBUG 10312 --- [AMYPO] [http-nio-8080-exec-4] o.s.security.web.FilterChainProxy        : Secured GET /common/getDayAttendance?date=2024-01-03
2024-01-02T17:10:37.115+05:30 DEBUG 10312 --- [AMYPO] [http-nio-8080-exec-6] o.s.security.web.FilterChainProxy        : Securing OPTIONS /common/makeAttendance?date=2024-01-03
2024-01-02T17:10:37.122+05:30 DEBUG 10312 --- [AMYPO] [http-nio-8080-exec-10] o.s.security.web.FilterChainProxy        : Securing POST /common/makeAttendance?date=2024-01-03
2024-01-02T17:10:37.135+05:30 DEBUG 10312 --- [AMYPO] [http-nio-8080-exec-10] o.s.security.web.FilterChainProxy        : Secured POST /common/makeAttendance?date=2024-01-03
2024-01-02T17:10:37.243+05:30 DEBUG 10312 --- [AMYPO] [http-nio-8080-exec-9] o.s.security.web.FilterChainProxy        : Securing GET /common/getDayAttendance?date=2024-01-03
2024-01-02T17:10:37.255+05:30 DEBUG 10312 --- [AMYPO] [http-nio-8080-exec-9] o.s.security.web.FilterChainProxy        : Secured GET /common/getDayAttendance?date=2024-01-03
2024-01-02T17:10:41.395+05:30 DEBUG 10312 --- [AMYPO] [http-nio-8080-exec-7] o.s.security.web.FilterChainProxy        : Securing OPTIONS /common/markAttendance
2024-01-02T17:10:41.406+05:30 DEBUG 10312 --- [AMYPO] [http-nio-8080-exec-1] o.s.security.web.FilterChainProxy        : Securing POST /common/markAttendance
2024-01-02T17:10:41.423+05:30 DEBUG 10312 --- [AMYPO] [http-nio-8080-exec-1] o.s.security.web.FilterChainProxy        : Secured POST /common/markAttendance
2024-01-02T17:10:43.505+05:30 DEBUG 10312 --- [AMYPO] [http-nio-8080-exec-8] o.s.security.web.FilterChainProxy        : Securing OPTIONS /common/getDayAttendance?date=2024-01-04
2024-01-02T17:10:43.514+05:30 DEBUG 10312 --- [AMYPO] [http-nio-8080-exec-5] o.s.security.web.FilterChainProxy        : Securing GET /common/getDayAttendance?date=2024-01-04
2024-01-02T17:10:43.531+05:30 DEBUG 10312 --- [AMYPO] [http-nio-8080-exec-5] o.s.security.web.FilterChainProxy        : Secured GET /common/getDayAttendance?date=2024-01-04
2024-01-02T17:10:44.881+05:30 DEBUG 10312 --- [AMYPO] [http-nio-8080-exec-3] o.s.security.web.FilterChainProxy        : Securing OPTIONS /common/makeAttendance?date=2024-01-04
2024-01-02T17:10:44.884+05:30 DEBUG 10312 --- [AMYPO] [http-nio-8080-exec-4] o.s.security.web.FilterChainProxy        : Securing POST /common/makeAttendance?date=2024-01-04
2024-01-02T17:10:44.912+05:30 DEBUG 10312 --- [AMYPO] [http-nio-8080-exec-4] o.s.security.web.FilterChainProxy        : Secured POST /common/makeAttendance?date=2024-01-04
2024-01-02T17:10:45.031+05:30 DEBUG 10312 --- [AMYPO] [http-nio-8080-exec-6] o.s.security.web.FilterChainProxy        : Securing GET /common/getDayAttendance?date=2024-01-04
2024-01-02T17:10:45.049+05:30 DEBUG 10312 --- [AMYPO] [http-nio-8080-exec-6] o.s.security.web.FilterChainProxy        : Secured GET /common/getDayAttendance?date=2024-01-04
2024-01-02T17:10:51.347+05:30 DEBUG 10312 --- [AMYPO] [http-nio-8080-exec-9] o.s.security.web.FilterChainProxy        : Securing OPTIONS /common/markAttendance
2024-01-02T17:10:51.361+05:30 DEBUG 10312 --- [AMYPO] [http-nio-8080-exec-2] o.s.security.web.FilterChainProxy        : Securing POST /common/markAttendance
2024-01-02T17:10:51.382+05:30 DEBUG 10312 --- [AMYPO] [http-nio-8080-exec-2] o.s.security.web.FilterChainProxy        : Secured POST /common/markAttendance
2024-01-02T17:10:56.211+05:30 DEBUG 10312 --- [AMYPO] [http-nio-8080-exec-7] o.s.security.web.FilterChainProxy        : Securing OPTIONS /common/getDayAttendance?date=2024-01-05
2024-01-02T17:10:56.219+05:30 DEBUG 10312 --- [AMYPO] [http-nio-8080-exec-7] o.s.security.web.FilterChainProxy        : Securing GET /common/getDayAttendance?date=2024-01-05
2024-01-02T17:10:56.237+05:30 DEBUG 10312 --- [AMYPO] [http-nio-8080-exec-7] o.s.security.web.FilterChainProxy        : Secured GET /common/getDayAttendance?date=2024-01-05
2024-01-02T17:10:58.350+05:30 DEBUG 10312 --- [AMYPO] [http-nio-8080-exec-1] o.s.security.web.FilterChainProxy        : Securing OPTIONS /common/makeAttendance?date=2024-01-05
2024-01-02T17:10:58.356+05:30 DEBUG 10312 --- [AMYPO] [http-nio-8080-exec-8] o.s.security.web.FilterChainProxy        : Securing POST /common/makeAttendance?date=2024-01-05
2024-01-02T17:10:58.374+05:30 DEBUG 10312 --- [AMYPO] [http-nio-8080-exec-8] o.s.security.web.FilterChainProxy        : Secured POST /common/makeAttendance?date=2024-01-05
2024-01-02T17:10:58.472+05:30 DEBUG 10312 --- [AMYPO] [http-nio-8080-exec-5] o.s.security.web.FilterChainProxy        : Securing GET /common/getDayAttendance?date=2024-01-05
2024-01-02T17:10:58.488+05:30 DEBUG 10312 --- [AMYPO] [http-nio-8080-exec-5] o.s.security.web.FilterChainProxy        : Secured GET /common/getDayAttendance?date=2024-01-05
2024-01-02T17:11:02.320+05:30 DEBUG 10312 --- [AMYPO] [http-nio-8080-exec-4] o.s.security.web.FilterChainProxy        : Securing OPTIONS /common/markAttendance
2024-01-02T17:11:02.321+05:30 DEBUG 10312 --- [AMYPO] [http-nio-8080-exec-6] o.s.security.web.FilterChainProxy        : Securing POST /common/markAttendance
2024-01-02T17:11:02.345+05:30 DEBUG 10312 --- [AMYPO] [http-nio-8080-exec-6] o.s.security.web.FilterChainProxy        : Secured POST /common/markAttendance
2024-01-02T17:11:06.353+05:30 DEBUG 10312 --- [AMYPO] [http-nio-8080-exec-10] o.s.security.web.FilterChainProxy        : Securing OPTIONS /common/getDayAttendance?date=2024-01-06
2024-01-02T17:11:06.363+05:30 DEBUG 10312 --- [AMYPO] [http-nio-8080-exec-9] o.s.security.web.FilterChainProxy        : Securing GET /common/getDayAttendance?date=2024-01-06
2024-01-02T17:11:06.385+05:30 DEBUG 10312 --- [AMYPO] [http-nio-8080-exec-9] o.s.security.web.FilterChainProxy        : Secured GET /common/getDayAttendance?date=2024-01-06
2024-01-02T17:11:07.276+05:30 DEBUG 10312 --- [AMYPO] [http-nio-8080-exec-2] o.s.security.web.FilterChainProxy        : Securing OPTIONS /common/makeAttendance?date=2024-01-06
2024-01-02T17:11:07.279+05:30 DEBUG 10312 --- [AMYPO] [http-nio-8080-exec-7] o.s.security.web.FilterChainProxy        : Securing POST /common/makeAttendance?date=2024-01-06
2024-01-02T17:11:07.300+05:30 DEBUG 10312 --- [AMYPO] [http-nio-8080-exec-7] o.s.security.web.FilterChainProxy        : Secured POST /common/makeAttendance?date=2024-01-06
2024-01-02T17:11:07.418+05:30 DEBUG 10312 --- [AMYPO] [http-nio-8080-exec-1] o.s.security.web.FilterChainProxy        : Securing GET /common/getDayAttendance?date=2024-01-06
2024-01-02T17:11:07.439+05:30 DEBUG 10312 --- [AMYPO] [http-nio-8080-exec-1] o.s.security.web.FilterChainProxy        : Secured GET /common/getDayAttendance?date=2024-01-06
2024-01-02T17:11:24.811+05:30 DEBUG 10312 --- [AMYPO] [http-nio-8080-exec-5] o.s.security.web.FilterChainProxy        : Securing OPTIONS /common/markAttendance
2024-01-02T17:11:24.815+05:30 DEBUG 10312 --- [AMYPO] [http-nio-8080-exec-3] o.s.security.web.FilterChainProxy        : Securing POST /common/markAttendance
2024-01-02T17:11:24.837+05:30 DEBUG 10312 --- [AMYPO] [http-nio-8080-exec-3] o.s.security.web.FilterChainProxy        : Secured POST /common/markAttendance
2024-01-02T17:11:36.233+05:30 DEBUG 10312 --- [AMYPO] [http-nio-8080-exec-6] o.s.security.web.FilterChainProxy        : Securing OPTIONS /common/getReportByDate?startDate=2024-01-02&endDate=2024-01-06
2024-01-02T17:11:36.242+05:30 DEBUG 10312 --- [AMYPO] [http-nio-8080-exec-10] o.s.security.web.FilterChainProxy        : Securing GET /common/getReportByDate?startDate=2024-01-02&endDate=2024-01-06
2024-01-02T17:11:36.262+05:30 DEBUG 10312 --- [AMYPO] [http-nio-8080-exec-10] o.s.security.web.FilterChainProxy        : Secured GET /common/getReportByDate?startDate=2024-01-02&endDate=2024-01-06
2024-01-02T17:39:01.397+05:30 DEBUG 10312 --- [AMYPO] [http-nio-8080-exec-2] o.s.security.web.FilterChainProxy        : Securing GET /auth/getUserById?uid=825625cf-a7b0-4c1e-9067-927b44fc04d6
2024-01-02T17:39:01.404+05:30 DEBUG 10312 --- [AMYPO] [http-nio-8080-exec-2] o.s.s.w.a.AnonymousAuthenticationFilter  : Set SecurityContextHolder to anonymous SecurityContext
2024-01-02T17:39:01.406+05:30 DEBUG 10312 --- [AMYPO] [http-nio-8080-exec-2] o.s.security.web.FilterChainProxy        : Secured GET /auth/getUserById?uid=825625cf-a7b0-4c1e-9067-927b44fc04d6
2024-01-02T17:39:01.435+05:30 DEBUG 10312 --- [AMYPO] [http-nio-8080-exec-7] o.s.security.web.FilterChainProxy        : Securing GET /auth/getUserById?uid=825625cf-a7b0-4c1e-9067-927b44fc04d6
2024-01-02T17:39:01.435+05:30 DEBUG 10312 --- [AMYPO] [http-nio-8080-exec-7] o.s.s.w.a.AnonymousAuthenticationFilter  : Set SecurityContextHolder to anonymous SecurityContext
2024-01-02T17:39:01.435+05:30 DEBUG 10312 --- [AMYPO] [http-nio-8080-exec-7] o.s.security.web.FilterChainProxy        : Secured GET /auth/getUserById?uid=825625cf-a7b0-4c1e-9067-927b44fc04d6
2024-01-02T17:39:10.371+05:30  WARN 10312 --- [AMYPO] [HikariPool-1 housekeeper] com.zaxxer.hikari.pool.HikariPool        : HikariPool-1 - Thread starvation or clock leap detected (housekeeper delta=25m40s172ms936s700ns).
2024-01-02T17:42:14.477+05:30 DEBUG 10312 --- [AMYPO] [http-nio-8080-exec-3] o.s.security.web.FilterChainProxy        : Securing POST /auth/signup
2024-01-02T17:42:14.497+05:30 DEBUG 10312 --- [AMYPO] [http-nio-8080-exec-3] o.s.s.w.a.AnonymousAuthenticationFilter  : Set SecurityContextHolder to anonymous SecurityContext
2024-01-02T17:42:14.511+05:30 DEBUG 10312 --- [AMYPO] [http-nio-8080-exec-3] o.s.security.web.FilterChainProxy        : Secured POST /auth/signup
2024-01-02T17:42:35.983+05:30 DEBUG 10312 --- [AMYPO] [http-nio-8080-exec-4] o.s.security.web.FilterChainProxy        : Securing OPTIONS /auth/login
2024-01-02T17:42:35.990+05:30 DEBUG 10312 --- [AMYPO] [http-nio-8080-exec-6] o.s.security.web.FilterChainProxy        : Securing POST /auth/login
2024-01-02T17:42:36.006+05:30 DEBUG 10312 --- [AMYPO] [http-nio-8080-exec-6] o.s.s.w.a.AnonymousAuthenticationFilter  : Set SecurityContextHolder to anonymous SecurityContext
2024-01-02T17:42:36.021+05:30 DEBUG 10312 --- [AMYPO] [http-nio-8080-exec-6] o.s.security.web.FilterChainProxy        : Secured POST /auth/login
2024-01-02T17:42:36.253+05:30 DEBUG 10312 --- [AMYPO] [http-nio-8080-exec-6] o.s.s.a.dao.DaoAuthenticationProvider    : Authenticated user
2024-01-02T17:42:36.365+05:30 DEBUG 10312 --- [AMYPO] [http-nio-8080-exec-10] o.s.security.web.FilterChainProxy        : Securing GET /auth/getUserById?uid=724d31b7-c4eb-4020-8e4f-eff488dbada4
2024-01-02T17:42:36.367+05:30 DEBUG 10312 --- [AMYPO] [http-nio-8080-exec-10] o.s.s.w.a.AnonymousAuthenticationFilter  : Set SecurityContextHolder to anonymous SecurityContext
2024-01-02T17:42:36.374+05:30 DEBUG 10312 --- [AMYPO] [http-nio-8080-exec-10] o.s.security.web.FilterChainProxy        : Secured GET /auth/getUserById?uid=724d31b7-c4eb-4020-8e4f-eff488dbada4
2024-01-02T17:42:53.579+05:30 DEBUG 10312 --- [AMYPO] [http-nio-8080-exec-2] o.s.security.web.FilterChainProxy        : Securing GET /auth/getUserById?uid=724d31b7-c4eb-4020-8e4f-eff488dbada4
2024-01-02T17:42:53.580+05:30 DEBUG 10312 --- [AMYPO] [http-nio-8080-exec-2] o.s.s.w.a.AnonymousAuthenticationFilter  : Set SecurityContextHolder to anonymous SecurityContext
2024-01-02T17:42:53.581+05:30 DEBUG 10312 --- [AMYPO] [http-nio-8080-exec-2] o.s.security.web.FilterChainProxy        : Secured GET /auth/getUserById?uid=724d31b7-c4eb-4020-8e4f-eff488dbada4
2024-01-02T17:42:53.606+05:30 DEBUG 10312 --- [AMYPO] [http-nio-8080-exec-7] o.s.security.web.FilterChainProxy        : Securing GET /auth/getUserById?uid=724d31b7-c4eb-4020-8e4f-eff488dbada4
2024-01-02T17:42:53.609+05:30 DEBUG 10312 --- [AMYPO] [http-nio-8080-exec-7] o.s.s.w.a.AnonymousAuthenticationFilter  : Set SecurityContextHolder to anonymous SecurityContext
2024-01-02T17:42:53.609+05:30 DEBUG 10312 --- [AMYPO] [http-nio-8080-exec-7] o.s.security.web.FilterChainProxy        : Secured GET /auth/getUserById?uid=724d31b7-c4eb-4020-8e4f-eff488dbada4
2024-01-02T17:43:10.126+05:30 DEBUG 10312 --- [AMYPO] [http-nio-8080-exec-8] o.s.security.web.FilterChainProxy        : Securing OPTIONS /admin/getEmployees
2024-01-02T17:43:10.127+05:30 DEBUG 10312 --- [AMYPO] [http-nio-8080-exec-3] o.s.security.web.FilterChainProxy        : Securing OPTIONS /admin/getEmployees
2024-01-02T17:43:10.128+05:30 DEBUG 10312 --- [AMYPO] [http-nio-8080-exec-4] o.s.security.web.FilterChainProxy        : Securing OPTIONS /admin/getEmployeesByRole
2024-01-02T17:43:10.129+05:30 DEBUG 10312 --- [AMYPO] [http-nio-8080-exec-5] o.s.security.web.FilterChainProxy        : Securing OPTIONS /admin/getEmployeesByRole
2024-01-02T17:43:10.132+05:30 DEBUG 10312 --- [AMYPO] [http-nio-8080-exec-6] o.s.security.web.FilterChainProxy        : Securing GET /admin/getEmployees
2024-01-02T17:43:10.132+05:30 DEBUG 10312 --- [AMYPO] [http-nio-8080-exec-10] o.s.security.web.FilterChainProxy        : Securing GET /admin/getEmployeesByRole
2024-01-02T17:43:10.175+05:30 DEBUG 10312 --- [AMYPO] [http-nio-8080-exec-6] o.s.security.web.FilterChainProxy        : Secured GET /admin/getEmployees
2024-01-02T17:43:10.175+05:30 DEBUG 10312 --- [AMYPO] [http-nio-8080-exec-10] o.s.security.web.FilterChainProxy        : Secured GET /admin/getEmployeesByRole
2024-01-02T17:43:10.207+05:30  WARN 10312 --- [AMYPO] [http-nio-8080-exec-10] .w.s.m.s.DefaultHandlerExceptionResolver : Resolved [org.springframework.web.bind.MissingServletRequestParameterException: Required request parameter 'role' for method parameter type String is not present]
2024-01-02T17:43:10.242+05:30 DEBUG 10312 --- [AMYPO] [http-nio-8080-exec-10] o.s.security.web.FilterChainProxy        : Securing GET /error
2024-01-02T17:43:10.251+05:30 DEBUG 10312 --- [AMYPO] [http-nio-8080-exec-10] o.s.s.w.a.AnonymousAuthenticationFilter  : Set SecurityContextHolder to anonymous SecurityContext
2024-01-02T17:43:10.261+05:30 DEBUG 10312 --- [AMYPO] [http-nio-8080-exec-10] o.s.s.w.a.Http403ForbiddenEntryPoint     : Pre-authenticated entry point called. Rejecting access
2024-01-02T17:43:10.266+05:30 DEBUG 10312 --- [AMYPO] [http-nio-8080-exec-9] o.s.security.web.FilterChainProxy        : Securing GET /admin/getEmployeesByRole
2024-01-02T17:43:10.298+05:30 DEBUG 10312 --- [AMYPO] [http-nio-8080-exec-9] o.s.security.web.FilterChainProxy        : Secured GET /admin/getEmployeesByRole
2024-01-02T17:43:10.301+05:30  WARN 10312 --- [AMYPO] [http-nio-8080-exec-9] .w.s.m.s.DefaultHandlerExceptionResolver : Resolved [org.springframework.web.bind.MissingServletRequestParameterException: Required request parameter 'role' for method parameter type String is not present]
2024-01-02T17:43:10.304+05:30 DEBUG 10312 --- [AMYPO] [http-nio-8080-exec-9] o.s.security.web.FilterChainProxy        : Securing GET /error
2024-01-02T17:43:10.309+05:30 DEBUG 10312 --- [AMYPO] [http-nio-8080-exec-9] o.s.s.w.a.AnonymousAuthenticationFilter  : Set SecurityContextHolder to anonymous SecurityContext
2024-01-02T17:43:10.311+05:30 DEBUG 10312 --- [AMYPO] [http-nio-8080-exec-9] o.s.s.w.a.Http403ForbiddenEntryPoint     : Pre-authenticated entry point called. Rejecting access
2024-01-02T17:43:10.313+05:30 DEBUG 10312 --- [AMYPO] [http-nio-8080-exec-2] o.s.security.web.FilterChainProxy        : Securing GET /admin/getEmployees
2024-01-02T17:43:10.334+05:30 DEBUG 10312 --- [AMYPO] [http-nio-8080-exec-2] o.s.security.web.FilterChainProxy        : Secured GET /admin/getEmployees
2024-01-02T17:43:14.398+05:30 DEBUG 10312 --- [AMYPO] [http-nio-8080-exec-4] o.s.security.web.FilterChainProxy        : Securing OPTIONS /admin/getPendingLeaves
2024-01-02T17:43:14.407+05:30 DEBUG 10312 --- [AMYPO] [http-nio-8080-exec-9] o.s.security.web.FilterChainProxy        : Securing GET /admin/getPendingLeaves
2024-01-02T17:43:14.407+05:30 DEBUG 10312 --- [AMYPO] [http-nio-8080-exec-5] o.s.security.web.FilterChainProxy        : Securing OPTIONS /admin/getleavebystatus?status=yettoapprove
2024-01-02T17:43:14.407+05:30 DEBUG 10312 --- [AMYPO] [http-nio-8080-exec-10] o.s.security.web.FilterChainProxy        : Securing OPTIONS /admin/getPendingLeaves
2024-01-02T17:43:14.407+05:30 DEBUG 10312 --- [AMYPO] [http-nio-8080-exec-6] o.s.security.web.FilterChainProxy        : Securing OPTIONS /admin/getleavebystatus?status=yettoapprove
2024-01-02T17:43:14.414+05:30 DEBUG 10312 --- [AMYPO] [http-nio-8080-exec-2] o.s.security.web.FilterChainProxy        : Securing GET /admin/getleavebystatus?status=yettoapprove
2024-01-02T17:43:14.423+05:30 DEBUG 10312 --- [AMYPO] [http-nio-8080-exec-9] o.s.security.web.FilterChainProxy        : Secured GET /admin/getPendingLeaves
2024-01-02T17:43:14.458+05:30 DEBUG 10312 --- [AMYPO] [http-nio-8080-exec-1] o.s.security.web.FilterChainProxy        : Securing GET /admin/getPendingLeaves
2024-01-02T17:43:14.459+05:30 DEBUG 10312 --- [AMYPO] [http-nio-8080-exec-2] o.s.security.web.FilterChainProxy        : Secured GET /admin/getleavebystatus?status=yettoapprove
2024-01-02T17:43:14.471+05:30 DEBUG 10312 --- [AMYPO] [http-nio-8080-exec-7] o.s.security.web.FilterChainProxy        : Securing GET /admin/getleavebystatus?status=yettoapprove
2024-01-02T17:43:14.472+05:30 DEBUG 10312 --- [AMYPO] [http-nio-8080-exec-1] o.s.security.web.FilterChainProxy        : Secured GET /admin/getPendingLeaves
2024-01-02T17:43:14.492+05:30 DEBUG 10312 --- [AMYPO] [http-nio-8080-exec-7] o.s.security.web.FilterChainProxy        : Secured GET /admin/getleavebystatus?status=yettoapprove
2024-01-02T17:43:18.069+05:30 DEBUG 10312 --- [AMYPO] [http-nio-8080-exec-8] o.s.security.web.FilterChainProxy        : Securing OPTIONS /admin/getleavebystatus?status=approved
2024-01-02T17:43:18.077+05:30 DEBUG 10312 --- [AMYPO] [http-nio-8080-exec-4] o.s.security.web.FilterChainProxy        : Securing GET /admin/getleavebystatus?status=approved
2024-01-02T17:43:18.095+05:30 DEBUG 10312 --- [AMYPO] [http-nio-8080-exec-4] o.s.security.web.FilterChainProxy        : Secured GET /admin/getleavebystatus?status=approved
2024-01-02T17:43:22.288+05:30 DEBUG 10312 --- [AMYPO] [http-nio-8080-exec-2] o.s.security.web.FilterChainProxy        : Securing OPTIONS /admin/getleavebystatus?status=declined
2024-01-02T17:43:22.296+05:30 DEBUG 10312 --- [AMYPO] [http-nio-8080-exec-1] o.s.security.web.FilterChainProxy        : Securing GET /admin/getleavebystatus?status=declined
2024-01-02T17:43:22.314+05:30 DEBUG 10312 --- [AMYPO] [http-nio-8080-exec-1] o.s.security.web.FilterChainProxy        : Secured GET /admin/getleavebystatus?status=declined
2024-01-02T17:43:24.919+05:30 DEBUG 10312 --- [AMYPO] [http-nio-8080-exec-7] o.s.security.web.FilterChainProxy        : Securing OPTIONS /admin/getleavebystatus?status=yettoapprove
2024-01-02T17:43:24.923+05:30 DEBUG 10312 --- [AMYPO] [http-nio-8080-exec-3] o.s.security.web.FilterChainProxy        : Securing GET /admin/getleavebystatus?status=yettoapprove
2024-01-02T17:43:24.942+05:30 DEBUG 10312 --- [AMYPO] [http-nio-8080-exec-3] o.s.security.web.FilterChainProxy        : Secured GET /admin/getleavebystatus?status=yettoapprove
2024-01-02T17:43:26.948+05:30 DEBUG 10312 --- [AMYPO] [http-nio-8080-exec-8] o.s.security.web.FilterChainProxy        : Securing OPTIONS /admin/declineLeave?lid=15ff9afa-3804-4838-b6a6-a6cdc16baefa
2024-01-02T17:43:26.954+05:30 DEBUG 10312 --- [AMYPO] [http-nio-8080-exec-4] o.s.security.web.FilterChainProxy        : Securing PUT /admin/declineLeave?lid=15ff9afa-3804-4838-b6a6-a6cdc16baefa
2024-01-02T17:43:26.977+05:30 DEBUG 10312 --- [AMYPO] [http-nio-8080-exec-4] o.s.security.web.FilterChainProxy        : Secured PUT /admin/declineLeave?lid=15ff9afa-3804-4838-b6a6-a6cdc16baefa
2024-01-02T17:43:28.581+05:30 DEBUG 10312 --- [AMYPO] [http-nio-8080-exec-6] o.s.security.web.FilterChainProxy        : Securing GET /admin/getleavebystatus?status=yettoapprove
2024-01-02T17:43:28.603+05:30 DEBUG 10312 --- [AMYPO] [http-nio-8080-exec-6] o.s.security.web.FilterChainProxy        : Secured GET /admin/getleavebystatus?status=yettoapprove
2024-01-02T17:43:30.287+05:30 DEBUG 10312 --- [AMYPO] [http-nio-8080-exec-5] o.s.security.web.FilterChainProxy        : Securing OPTIONS /admin/getleavebystatus?status=declined
2024-01-02T17:43:30.292+05:30 DEBUG 10312 --- [AMYPO] [http-nio-8080-exec-9] o.s.security.web.FilterChainProxy        : Securing GET /admin/getleavebystatus?status=declined
2024-01-02T17:43:30.314+05:30 DEBUG 10312 --- [AMYPO] [http-nio-8080-exec-9] o.s.security.web.FilterChainProxy        : Secured GET /admin/getleavebystatus?status=declined
2024-01-02T17:43:36.762+05:30 DEBUG 10312 --- [AMYPO] [http-nio-8080-exec-2] o.s.security.web.FilterChainProxy        : Securing OPTIONS /common/getTodayAttendance
2024-01-02T17:43:36.773+05:30 DEBUG 10312 --- [AMYPO] [http-nio-8080-exec-1] o.s.security.web.FilterChainProxy        : Securing OPTIONS /common/getDayAttendance?date=2024-01-02
2024-01-02T17:43:36.773+05:30 DEBUG 10312 --- [AMYPO] [http-nio-8080-exec-8] o.s.security.web.FilterChainProxy        : Securing OPTIONS /common/getTodayAttendance
2024-01-02T17:43:36.775+05:30 DEBUG 10312 --- [AMYPO] [http-nio-8080-exec-4] o.s.security.web.FilterChainProxy        : Securing OPTIONS /common/getDataByDateAndPresent?date=2024-01-02&isPresent=all
2024-01-02T17:43:36.773+05:30 DEBUG 10312 --- [AMYPO] [http-nio-8080-exec-3] o.s.security.web.FilterChainProxy        : Securing OPTIONS /common/getDayAttendance?date=2024-01-02
2024-01-02T17:43:36.773+05:30 DEBUG 10312 --- [AMYPO] [http-nio-8080-exec-7] o.s.security.web.FilterChainProxy        : Securing OPTIONS /common/getDataByDateAndPresent?date=2024-01-02&isPresent=all
2024-01-02T17:43:36.775+05:30 DEBUG 10312 --- [AMYPO] [http-nio-8080-exec-6] o.s.security.web.FilterChainProxy        : Securing GET /common/getTodayAttendance
2024-01-02T17:43:36.784+05:30 DEBUG 10312 --- [AMYPO] [http-nio-8080-exec-5] o.s.security.web.FilterChainProxy        : Securing GET /common/getDayAttendance?date=2024-01-02
2024-01-02T17:43:36.784+05:30 DEBUG 10312 --- [AMYPO] [http-nio-8080-exec-9] o.s.security.web.FilterChainProxy        : Securing GET /common/getDataByDateAndPresent?date=2024-01-02&isPresent=all
2024-01-02T17:43:36.811+05:30 DEBUG 10312 --- [AMYPO] [http-nio-8080-exec-6] o.s.security.web.FilterChainProxy        : Secured GET /common/getTodayAttendance
2024-01-02T17:43:36.818+05:30 DEBUG 10312 --- [AMYPO] [http-nio-8080-exec-9] o.s.security.web.FilterChainProxy        : Secured GET /common/getDataByDateAndPresent?date=2024-01-02&isPresent=all
2024-01-02T17:43:36.840+05:30 DEBUG 10312 --- [AMYPO] [http-nio-8080-exec-10] o.s.security.web.FilterChainProxy        : Securing GET /common/getTodayAttendance
2024-01-02T17:43:36.844+05:30 DEBUG 10312 --- [AMYPO] [http-nio-8080-exec-5] o.s.security.web.FilterChainProxy        : Secured GET /common/getDayAttendance?date=2024-01-02
2024-01-02T17:43:36.846+05:30 DEBUG 10312 --- [AMYPO] [http-nio-8080-exec-2] o.s.security.web.FilterChainProxy        : Securing GET /common/getDataByDateAndPresent?date=2024-01-02&isPresent=all
2024-01-02T17:43:36.875+05:30 DEBUG 10312 --- [AMYPO] [http-nio-8080-exec-1] o.s.security.web.FilterChainProxy        : Securing GET /common/getDayAttendance?date=2024-01-02
2024-01-02T17:43:36.902+05:30 DEBUG 10312 --- [AMYPO] [http-nio-8080-exec-10] o.s.security.web.FilterChainProxy        : Secured GET /common/getTodayAttendance
2024-01-02T17:43:36.915+05:30 DEBUG 10312 --- [AMYPO] [http-nio-8080-exec-2] o.s.security.web.FilterChainProxy        : Secured GET /common/getDataByDateAndPresent?date=2024-01-02&isPresent=all
2024-01-02T17:43:36.943+05:30 DEBUG 10312 --- [AMYPO] [http-nio-8080-exec-1] o.s.security.web.FilterChainProxy        : Secured GET /common/getDayAttendance?date=2024-01-02
2024-01-02T17:43:45.626+05:30 DEBUG 10312 --- [AMYPO] [http-nio-8080-exec-5] o.s.security.web.FilterChainProxy        : Securing OPTIONS /common/getDayAttendance?date=2024-01-07
2024-01-02T17:43:45.632+05:30 DEBUG 10312 --- [AMYPO] [http-nio-8080-exec-10] o.s.security.web.FilterChainProxy        : Securing GET /common/getDayAttendance?date=2024-01-07
2024-01-02T17:43:45.650+05:30 DEBUG 10312 --- [AMYPO] [http-nio-8080-exec-10] o.s.security.web.FilterChainProxy        : Secured GET /common/getDayAttendance?date=2024-01-07
2024-01-02T17:43:53.434+05:30 DEBUG 10312 --- [AMYPO] [http-nio-8080-exec-1] o.s.security.web.FilterChainProxy        : Securing OPTIONS /common/makeAttendance?date=2024-01-07
2024-01-02T17:43:53.442+05:30 DEBUG 10312 --- [AMYPO] [http-nio-8080-exec-7] o.s.security.web.FilterChainProxy        : Securing POST /common/makeAttendance?date=2024-01-07
2024-01-02T17:43:53.463+05:30 DEBUG 10312 --- [AMYPO] [http-nio-8080-exec-7] o.s.security.web.FilterChainProxy        : Secured POST /common/makeAttendance?date=2024-01-07
2024-01-02T17:43:53.625+05:30 DEBUG 10312 --- [AMYPO] [http-nio-8080-exec-4] o.s.security.web.FilterChainProxy        : Securing OPTIONS /common/getDayAttendance?date=2024-01-07
2024-01-02T17:43:53.630+05:30 DEBUG 10312 --- [AMYPO] [http-nio-8080-exec-6] o.s.security.web.FilterChainProxy        : Securing GET /common/getDayAttendance?date=2024-01-07
2024-01-02T17:43:53.650+05:30 DEBUG 10312 --- [AMYPO] [http-nio-8080-exec-6] o.s.security.web.FilterChainProxy        : Secured GET /common/getDayAttendance?date=2024-01-07
2024-01-02T17:44:10.782+05:30 DEBUG 10312 --- [AMYPO] [http-nio-8080-exec-8] o.s.security.web.FilterChainProxy        : Securing OPTIONS /common/getReportByDate?startDate=2024-01-02&endDate=2024-01-06
2024-01-02T17:44:10.786+05:30 DEBUG 10312 --- [AMYPO] [http-nio-8080-exec-3] o.s.security.web.FilterChainProxy        : Securing GET /common/getReportByDate?startDate=2024-01-02&endDate=2024-01-06
2024-01-02T17:44:10.807+05:30 DEBUG 10312 --- [AMYPO] [http-nio-8080-exec-3] o.s.security.web.FilterChainProxy        : Secured GET /common/getReportByDate?startDate=2024-01-02&endDate=2024-01-06
2024-01-02T17:44:26.629+05:30 DEBUG 10312 --- [AMYPO] [http-nio-8080-exec-10] o.s.security.web.FilterChainProxy        : Securing OPTIONS /admin/getEmployees
2024-01-02T17:44:26.632+05:30 DEBUG 10312 --- [AMYPO] [http-nio-8080-exec-1] o.s.security.web.FilterChainProxy        : Securing OPTIONS /admin/getEmployees
2024-01-02T17:44:26.633+05:30 DEBUG 10312 --- [AMYPO] [http-nio-8080-exec-4] o.s.security.web.FilterChainProxy        : Securing GET /admin/getEmployees
2024-01-02T17:44:26.632+05:30 DEBUG 10312 --- [AMYPO] [http-nio-8080-exec-2] o.s.security.web.FilterChainProxy        : Securing OPTIONS /admin/getEmployeesByRole
2024-01-02T17:44:26.633+05:30 DEBUG 10312 --- [AMYPO] [http-nio-8080-exec-7] o.s.security.web.FilterChainProxy        : Securing OPTIONS /admin/getEmployeesByRole
2024-01-02T17:44:26.638+05:30 DEBUG 10312 --- [AMYPO] [http-nio-8080-exec-6] o.s.security.web.FilterChainProxy        : Securing GET /admin/getEmployeesByRole
2024-01-02T17:44:26.647+05:30 DEBUG 10312 --- [AMYPO] [http-nio-8080-exec-4] o.s.security.web.FilterChainProxy        : Secured GET /admin/getEmployees
2024-01-02T17:44:26.678+05:30 DEBUG 10312 --- [AMYPO] [http-nio-8080-exec-6] o.s.security.web.FilterChainProxy        : Secured GET /admin/getEmployeesByRole
2024-01-02T17:44:26.680+05:30  WARN 10312 --- [AMYPO] [http-nio-8080-exec-6] .w.s.m.s.DefaultHandlerExceptionResolver : Resolved [org.springframework.web.bind.MissingServletRequestParameterException: Required request parameter 'role' for method parameter type String is not present]
2024-01-02T17:44:26.682+05:30 DEBUG 10312 --- [AMYPO] [http-nio-8080-exec-6] o.s.security.web.FilterChainProxy        : Securing GET /error
2024-01-02T17:44:26.685+05:30 DEBUG 10312 --- [AMYPO] [http-nio-8080-exec-6] o.s.s.w.a.AnonymousAuthenticationFilter  : Set SecurityContextHolder to anonymous SecurityContext
2024-01-02T17:44:26.687+05:30 DEBUG 10312 --- [AMYPO] [http-nio-8080-exec-6] o.s.s.w.a.Http403ForbiddenEntryPoint     : Pre-authenticated entry point called. Rejecting access
2024-01-02T17:44:26.689+05:30 DEBUG 10312 --- [AMYPO] [http-nio-8080-exec-9] o.s.security.web.FilterChainProxy        : Securing GET /admin/getEmployeesByRole
2024-01-02T17:44:26.700+05:30 DEBUG 10312 --- [AMYPO] [http-nio-8080-exec-8] o.s.security.web.FilterChainProxy        : Securing GET /admin/getEmployees
2024-01-02T17:44:26.702+05:30 DEBUG 10312 --- [AMYPO] [http-nio-8080-exec-9] o.s.security.web.FilterChainProxy        : Secured GET /admin/getEmployeesByRole
2024-01-02T17:44:26.704+05:30  WARN 10312 --- [AMYPO] [http-nio-8080-exec-9] .w.s.m.s.DefaultHandlerExceptionResolver : Resolved [org.springframework.web.bind.MissingServletRequestParameterException: Required request parameter 'role' for method parameter type String is not present]
2024-01-02T17:44:26.708+05:30 DEBUG 10312 --- [AMYPO] [http-nio-8080-exec-9] o.s.security.web.FilterChainProxy        : Securing GET /error
2024-01-02T17:44:26.711+05:30 DEBUG 10312 --- [AMYPO] [http-nio-8080-exec-9] o.s.s.w.a.AnonymousAuthenticationFilter  : Set SecurityContextHolder to anonymous SecurityContext
2024-01-02T17:44:26.712+05:30 DEBUG 10312 --- [AMYPO] [http-nio-8080-exec-9] o.s.s.w.a.Http403ForbiddenEntryPoint     : Pre-authenticated entry point called. Rejecting access
2024-01-02T17:44:26.715+05:30 DEBUG 10312 --- [AMYPO] [http-nio-8080-exec-8] o.s.security.web.FilterChainProxy        : Secured GET /admin/getEmployees
2024-01-02T17:44:44.623+05:30 DEBUG 10312 --- [AMYPO] [http-nio-8080-exec-2] o.s.security.web.FilterChainProxy        : Securing OPTIONS /auth/login
2024-01-02T17:44:44.647+05:30 DEBUG 10312 --- [AMYPO] [http-nio-8080-exec-7] o.s.security.web.FilterChainProxy        : Securing POST /auth/login
2024-01-02T17:44:44.653+05:30 DEBUG 10312 --- [AMYPO] [http-nio-8080-exec-7] o.s.s.w.a.AnonymousAuthenticationFilter  : Set SecurityContextHolder to anonymous SecurityContext
2024-01-02T17:44:44.658+05:30 DEBUG 10312 --- [AMYPO] [http-nio-8080-exec-7] o.s.security.web.FilterChainProxy        : Secured POST /auth/login
2024-01-02T17:44:44.959+05:30 DEBUG 10312 --- [AMYPO] [http-nio-8080-exec-7] o.s.s.a.dao.DaoAuthenticationProvider    : Authenticated user
2024-01-02T17:44:44.989+05:30 DEBUG 10312 --- [AMYPO] [http-nio-8080-exec-6] o.s.security.web.FilterChainProxy        : Securing GET /auth/getUserById?uid=44455a68-1d72-46ed-ac0c-b4f1ec6e4c63
2024-01-02T17:44:44.991+05:30 DEBUG 10312 --- [AMYPO] [http-nio-8080-exec-6] o.s.s.w.a.AnonymousAuthenticationFilter  : Set SecurityContextHolder to anonymous SecurityContext
2024-01-02T17:44:44.992+05:30 DEBUG 10312 --- [AMYPO] [http-nio-8080-exec-6] o.s.security.web.FilterChainProxy        : Secured GET /auth/getUserById?uid=44455a68-1d72-46ed-ac0c-b4f1ec6e4c63
2024-01-02T17:45:12.086+05:30 DEBUG 10312 --- [AMYPO] [http-nio-8080-exec-8] o.s.security.web.FilterChainProxy        : Securing OPTIONS /common/getDataByStatusInUser?status=yettoapprove&eid=44455a68-1d72-46ed-ac0c-b4f1ec6e4c63
2024-01-02T17:45:12.086+05:30 DEBUG 10312 --- [AMYPO] [http-nio-8080-exec-9] o.s.security.web.FilterChainProxy        : Securing OPTIONS /common/getDataByStatusInUser?status=yettoapprove&eid=44455a68-1d72-46ed-ac0c-b4f1ec6e4c63
2024-01-02T17:45:12.091+05:30 DEBUG 10312 --- [AMYPO] [http-nio-8080-exec-1] o.s.security.web.FilterChainProxy        : Securing GET /common/getDataByStatusInUser?status=yettoapprove&eid=44455a68-1d72-46ed-ac0c-b4f1ec6e4c63
2024-01-02T17:45:12.111+05:30 DEBUG 10312 --- [AMYPO] [http-nio-8080-exec-1] o.s.security.web.FilterChainProxy        : Secured GET /common/getDataByStatusInUser?status=yettoapprove&eid=44455a68-1d72-46ed-ac0c-b4f1ec6e4c63
2024-01-02T17:45:12.141+05:30 DEBUG 10312 --- [AMYPO] [http-nio-8080-exec-5] o.s.security.web.FilterChainProxy        : Securing GET /common/getDataByStatusInUser?status=yettoapprove&eid=44455a68-1d72-46ed-ac0c-b4f1ec6e4c63
2024-01-02T17:45:12.160+05:30 DEBUG 10312 --- [AMYPO] [http-nio-8080-exec-5] o.s.security.web.FilterChainProxy        : Secured GET /common/getDataByStatusInUser?status=yettoapprove&eid=44455a68-1d72-46ed-ac0c-b4f1ec6e4c63
2024-01-02T17:46:10.772+05:30 DEBUG 10312 --- [AMYPO] [http-nio-8080-exec-2] o.s.security.web.FilterChainProxy        : Securing OPTIONS /common/getDataByStatusInUser?status=yettoapprove&eid=44455a68-1d72-46ed-ac0c-b4f1ec6e4c63
2024-01-02T17:46:10.773+05:30 DEBUG 10312 --- [AMYPO] [http-nio-8080-exec-7] o.s.security.web.FilterChainProxy        : Securing OPTIONS /common/getDataByStatusInUser?status=yettoapprove&eid=44455a68-1d72-46ed-ac0c-b4f1ec6e4c63
2024-01-02T17:46:10.779+05:30 DEBUG 10312 --- [AMYPO] [http-nio-8080-exec-6] o.s.security.web.FilterChainProxy        : Securing GET /common/getDataByStatusInUser?status=yettoapprove&eid=44455a68-1d72-46ed-ac0c-b4f1ec6e4c63
2024-01-02T17:46:10.812+05:30 DEBUG 10312 --- [AMYPO] [http-nio-8080-exec-6] o.s.security.web.FilterChainProxy        : Secured GET /common/getDataByStatusInUser?status=yettoapprove&eid=44455a68-1d72-46ed-ac0c-b4f1ec6e4c63
2024-01-02T17:46:10.828+05:30 DEBUG 10312 --- [AMYPO] [http-nio-8080-exec-6] o.s.security.web.FilterChainProxy        : Securing GET /common/getDataByStatusInUser?status=yettoapprove&eid=44455a68-1d72-46ed-ac0c-b4f1ec6e4c63
2024-01-02T17:46:10.847+05:30 DEBUG 10312 --- [AMYPO] [http-nio-8080-exec-6] o.s.security.web.FilterChainProxy        : Secured GET /common/getDataByStatusInUser?status=yettoapprove&eid=44455a68-1d72-46ed-ac0c-b4f1ec6e4c63
