2023-12-27T08:12:10.454+05:30  INFO 20136 --- [AMYPO] [restartedMain] c.a.a.AmypobackendApplication            : Starting AmypobackendApplication using Java 17.0.6 with PID 20136 (E:\Dev Zone\GitHub\Amypo\server\target\classes started by USER in E:\Dev Zone\GitHub\Amypo)
2023-12-27T08:12:10.603+05:30  INFO 20136 --- [AMYPO] [restartedMain] c.a.a.AmypobackendApplication            : No active profile set, falling back to 1 default profile: "default"
2023-12-27T08:12:11.154+05:30  INFO 20136 --- [AMYPO] [restartedMain] .e.DevToolsPropertyDefaultsPostProcessor : Devtools property defaults active! Set 'spring.devtools.add-properties' to 'false' to disable
2023-12-27T08:12:11.156+05:30  INFO 20136 --- [AMYPO] [restartedMain] .e.DevToolsPropertyDefaultsPostProcessor : For additional web related logging consider setting the 'logging.level.web' property to 'DEBUG'
2023-12-27T08:12:14.064+05:30  INFO 20136 --- [AMYPO] [restartedMain] .s.d.r.c.RepositoryConfigurationDelegate : Bootstrapping Spring Data JPA repositories in DEFAULT mode.
2023-12-27T08:12:14.355+05:30  INFO 20136 --- [AMYPO] [restartedMain] .s.d.r.c.RepositoryConfigurationDelegate : Finished Spring Data repository scanning in 267 ms. Found 3 JPA repository interfaces.
2023-12-27T08:12:15.654+05:30  INFO 20136 --- [AMYPO] [restartedMain] o.s.b.w.embedded.tomcat.TomcatWebServer  : Tomcat initialized with port 8080 (http)
2023-12-27T08:12:15.671+05:30  INFO 20136 --- [AMYPO] [restartedMain] o.apache.catalina.core.StandardService   : Starting service [Tomcat]
2023-12-27T08:12:15.672+05:30  INFO 20136 --- [AMYPO] [restartedMain] o.apache.catalina.core.StandardEngine    : Starting Servlet engine: [Apache Tomcat/10.1.16]
2023-12-27T08:12:15.792+05:30  INFO 20136 --- [AMYPO] [restartedMain] o.a.c.c.C.[.[localhost].[/api/v1]        : Initializing Spring embedded WebApplicationContext
2023-12-27T08:12:15.793+05:30  INFO 20136 --- [AMYPO] [restartedMain] w.s.c.ServletWebServerApplicationContext : Root WebApplicationContext: initialization completed in 4616 ms
2023-12-27T08:12:16.029+05:30  INFO 20136 --- [AMYPO] [restartedMain] o.hibernate.jpa.internal.util.LogHelper  : HHH000204: Processing PersistenceUnitInfo [name: default]
2023-12-27T08:12:16.147+05:30  INFO 20136 --- [AMYPO] [restartedMain] org.hibernate.Version                    : HHH000412: Hibernate ORM core version 6.3.1.Final
2023-12-27T08:12:16.220+05:30  INFO 20136 --- [AMYPO] [restartedMain] o.h.c.internal.RegionFactoryInitiator    : HHH000026: Second-level cache disabled
2023-12-27T08:12:16.626+05:30  INFO 20136 --- [AMYPO] [restartedMain] o.s.o.j.p.SpringPersistenceUnitInfo      : No LoadTimeWeaver setup: ignoring JPA class transformer
2023-12-27T08:12:16.674+05:30  INFO 20136 --- [AMYPO] [restartedMain] com.zaxxer.hikari.HikariDataSource       : HikariPool-1 - Starting...
2023-12-27T08:12:17.279+05:30  INFO 20136 --- [AMYPO] [restartedMain] com.zaxxer.hikari.pool.HikariPool        : HikariPool-1 - Added connection com.mysql.cj.jdbc.ConnectionImpl@194c07ab
2023-12-27T08:12:17.282+05:30  INFO 20136 --- [AMYPO] [restartedMain] com.zaxxer.hikari.HikariDataSource       : HikariPool-1 - Start completed.
2023-12-27T08:12:17.363+05:30  WARN 20136 --- [AMYPO] [restartedMain] org.hibernate.orm.deprecation            : HHH90000025: MySQL8Dialect does not need to be specified explicitly using 'hibernate.dialect' (remove the property setting and it will be selected by default)
2023-12-27T08:12:17.364+05:30  WARN 20136 --- [AMYPO] [restartedMain] org.hibernate.orm.deprecation            : HHH90000026: MySQL8Dialect has been deprecated; use org.hibernate.dialect.MySQLDialect instead
2023-12-27T08:12:19.033+05:30  INFO 20136 --- [AMYPO] [restartedMain] o.h.e.t.j.p.i.JtaPlatformInitiator       : HHH000489: No JTA platform available (set 'hibernate.transaction.jta.platform' to enable JTA platform integration)
2023-12-27T08:12:19.177+05:30  INFO 20136 --- [AMYPO] [restartedMain] j.LocalContainerEntityManagerFactoryBean : Initialized JPA EntityManagerFactory for persistence unit 'default'
2023-12-27T08:12:19.632+05:30  INFO 20136 --- [AMYPO] [restartedMain] o.s.d.j.r.query.QueryEnhancerFactory     : Hibernate is in classpath; If applicable, HQL parser will be used.
2023-12-27T08:12:20.319+05:30  WARN 20136 --- [AMYPO] [restartedMain] JpaBaseConfiguration$JpaWebConfiguration : spring.jpa.open-in-view is enabled by default. Therefore, database queries may be performed during view rendering. Explicitly configure spring.jpa.open-in-view to disable this warning
2023-12-27T08:12:20.761+05:30  INFO 20136 --- [AMYPO] [restartedMain] o.s.s.web.DefaultSecurityFilterChain     : Will secure any request with [org.springframework.security.web.session.DisableEncodeUrlFilter@1ab6f270, org.springframework.security.web.context.request.async.WebAsyncManagerIntegrationFilter@23475aba, org.springframework.security.web.context.SecurityContextHolderFilter@3eaf99ce, org.springframework.security.web.header.HeaderWriterFilter@5a165cd7, org.springframework.web.filter.CorsFilter@37debc0d, org.springframework.security.web.authentication.logout.LogoutFilter@67c9f159, com.amypo.amypobackend.configs.JwtAuthenticationFilter@4ecb40fe, org.springframework.security.web.savedrequest.RequestCacheAwareFilter@3d8f3bdc, org.springframework.security.web.servletapi.SecurityContextHolderAwareRequestFilter@37f265b0, org.springframework.security.web.authentication.AnonymousAuthenticationFilter@15c667fa, org.springframework.security.web.session.SessionManagementFilter@74586611, org.springframework.security.web.access.ExceptionTranslationFilter@4b0a8169, org.springframework.security.web.access.intercept.AuthorizationFilter@1970bef]
2023-12-27T08:12:21.112+05:30  INFO 20136 --- [AMYPO] [restartedMain] o.s.b.d.a.OptionalLiveReloadServer       : LiveReload server is running on port 35729
2023-12-27T08:12:21.195+05:30  INFO 20136 --- [AMYPO] [restartedMain] o.s.b.w.embedded.tomcat.TomcatWebServer  : Tomcat started on port 8080 (http) with context path '/api/v1'
2023-12-27T08:12:21.209+05:30  INFO 20136 --- [AMYPO] [restartedMain] c.a.a.AmypobackendApplication            : Started AmypobackendApplication in 12.882 seconds (process running for 14.761)
2023-12-27T08:12:30.627+05:30  INFO 20136 --- [AMYPO] [http-nio-8080-exec-1] o.a.c.c.C.[.[localhost].[/api/v1]        : Initializing Spring DispatcherServlet 'dispatcherServlet'
2023-12-27T08:12:30.628+05:30  INFO 20136 --- [AMYPO] [http-nio-8080-exec-1] o.s.web.servlet.DispatcherServlet        : Initializing Servlet 'dispatcherServlet'
2023-12-27T08:12:30.631+05:30  INFO 20136 --- [AMYPO] [http-nio-8080-exec-1] o.s.web.servlet.DispatcherServlet        : Completed initialization in 2 ms
2023-12-27T08:12:30.644+05:30 DEBUG 20136 --- [AMYPO] [http-nio-8080-exec-1] o.s.security.web.FilterChainProxy        : Securing OPTIONS /auth/login
2023-12-27T08:12:30.692+05:30 DEBUG 20136 --- [AMYPO] [http-nio-8080-exec-2] o.s.security.web.FilterChainProxy        : Securing POST /auth/login
2023-12-27T08:12:30.699+05:30 DEBUG 20136 --- [AMYPO] [http-nio-8080-exec-2] o.s.s.w.a.AnonymousAuthenticationFilter  : Set SecurityContextHolder to anonymous SecurityContext
2023-12-27T08:12:30.701+05:30  WARN 20136 --- [AMYPO] [http-nio-8080-exec-2] o.s.w.s.h.HandlerMappingIntrospector     : Cache miss for REQUEST dispatch to '/api/v1/auth/login' (previous null). Performing MatchableHandlerMapping lookup. This is logged once only at WARN level, and every time at TRACE.
2023-12-27T08:12:30.718+05:30 DEBUG 20136 --- [AMYPO] [http-nio-8080-exec-2] o.s.security.web.FilterChainProxy        : Secured POST /auth/login
2023-12-27T08:12:31.146+05:30 DEBUG 20136 --- [AMYPO] [http-nio-8080-exec-2] o.s.s.a.dao.DaoAuthenticationProvider    : Authenticated user
2023-12-27T08:12:31.271+05:30 DEBUG 20136 --- [AMYPO] [http-nio-8080-exec-3] o.s.security.web.FilterChainProxy        : Securing GET /auth/getUserById?uid=825625cf-a7b0-4c1e-9067-927b44fc04d6
2023-12-27T08:12:31.272+05:30 DEBUG 20136 --- [AMYPO] [http-nio-8080-exec-3] o.s.s.w.a.AnonymousAuthenticationFilter  : Set SecurityContextHolder to anonymous SecurityContext
2023-12-27T08:12:31.272+05:30 DEBUG 20136 --- [AMYPO] [http-nio-8080-exec-3] o.s.security.web.FilterChainProxy        : Secured GET /auth/getUserById?uid=825625cf-a7b0-4c1e-9067-927b44fc04d6
2023-12-27T08:12:37.822+05:30 DEBUG 20136 --- [AMYPO] [http-nio-8080-exec-5] o.s.security.web.FilterChainProxy        : Securing OPTIONS /admin/getEmployees
2023-12-27T08:12:37.830+05:30 DEBUG 20136 --- [AMYPO] [http-nio-8080-exec-6] o.s.security.web.FilterChainProxy        : Securing OPTIONS /admin/getEmployeesByRole
2023-12-27T08:12:37.831+05:30 DEBUG 20136 --- [AMYPO] [http-nio-8080-exec-7] o.s.security.web.FilterChainProxy        : Securing OPTIONS /admin/getEmployees
2023-12-27T08:12:37.832+05:30 DEBUG 20136 --- [AMYPO] [http-nio-8080-exec-8] o.s.security.web.FilterChainProxy        : Securing OPTIONS /admin/getEmployeesByRole
2023-12-27T08:12:37.832+05:30 DEBUG 20136 --- [AMYPO] [http-nio-8080-exec-9] o.s.security.web.FilterChainProxy        : Securing GET /admin/getEmployees
2023-12-27T08:12:37.832+05:30 DEBUG 20136 --- [AMYPO] [http-nio-8080-exec-10] o.s.security.web.FilterChainProxy        : Securing GET /admin/getEmployeesByRole
2023-12-27T08:12:37.951+05:30 DEBUG 20136 --- [AMYPO] [http-nio-8080-exec-10] o.s.security.web.FilterChainProxy        : Secured GET /admin/getEmployeesByRole
2023-12-27T08:12:37.951+05:30 DEBUG 20136 --- [AMYPO] [http-nio-8080-exec-9] o.s.security.web.FilterChainProxy        : Secured GET /admin/getEmployees
2023-12-27T08:12:37.967+05:30  WARN 20136 --- [AMYPO] [http-nio-8080-exec-10] .w.s.m.s.DefaultHandlerExceptionResolver : Resolved [org.springframework.web.bind.MissingServletRequestParameterException: Required request parameter 'role' for method parameter type String is not present]
2023-12-27T08:12:38.023+05:30 DEBUG 20136 --- [AMYPO] [http-nio-8080-exec-10] o.s.security.web.FilterChainProxy        : Securing GET /error
2023-12-27T08:12:38.056+05:30 DEBUG 20136 --- [AMYPO] [http-nio-8080-exec-10] o.s.s.w.a.AnonymousAuthenticationFilter  : Set SecurityContextHolder to anonymous SecurityContext
2023-12-27T08:12:38.074+05:30 DEBUG 20136 --- [AMYPO] [http-nio-8080-exec-10] o.s.s.w.a.Http403ForbiddenEntryPoint     : Pre-authenticated entry point called. Rejecting access
2023-12-27T08:12:38.090+05:30 DEBUG 20136 --- [AMYPO] [http-nio-8080-exec-1] o.s.security.web.FilterChainProxy        : Securing GET /admin/getEmployeesByRole
2023-12-27T08:12:38.130+05:30 DEBUG 20136 --- [AMYPO] [http-nio-8080-exec-1] o.s.security.web.FilterChainProxy        : Secured GET /admin/getEmployeesByRole
2023-12-27T08:12:38.137+05:30 DEBUG 20136 --- [AMYPO] [http-nio-8080-exec-9] o.s.security.web.FilterChainProxy        : Securing GET /admin/getEmployees
2023-12-27T08:12:38.143+05:30  WARN 20136 --- [AMYPO] [http-nio-8080-exec-1] .w.s.m.s.DefaultHandlerExceptionResolver : Resolved [org.springframework.web.bind.MissingServletRequestParameterException: Required request parameter 'role' for method parameter type String is not present]
2023-12-27T08:12:38.154+05:30 DEBUG 20136 --- [AMYPO] [http-nio-8080-exec-1] o.s.security.web.FilterChainProxy        : Securing GET /error
2023-12-27T08:12:38.160+05:30 DEBUG 20136 --- [AMYPO] [http-nio-8080-exec-1] o.s.s.w.a.AnonymousAuthenticationFilter  : Set SecurityContextHolder to anonymous SecurityContext
2023-12-27T08:12:38.162+05:30 DEBUG 20136 --- [AMYPO] [http-nio-8080-exec-1] o.s.s.w.a.Http403ForbiddenEntryPoint     : Pre-authenticated entry point called. Rejecting access
2023-12-27T08:12:38.180+05:30 DEBUG 20136 --- [AMYPO] [http-nio-8080-exec-9] o.s.security.web.FilterChainProxy        : Secured GET /admin/getEmployees
2023-12-27T08:12:53.948+05:30 DEBUG 20136 --- [AMYPO] [http-nio-8080-exec-6] o.s.security.web.FilterChainProxy        : Securing OPTIONS /admin/getPendingLeaves
2023-12-27T08:12:53.957+05:30 DEBUG 20136 --- [AMYPO] [http-nio-8080-exec-2] o.s.security.web.FilterChainProxy        : Securing OPTIONS /admin/getleavebystatus?status=yettoapprove
2023-12-27T08:12:53.957+05:30 DEBUG 20136 --- [AMYPO] [http-nio-8080-exec-8] o.s.security.web.FilterChainProxy        : Securing OPTIONS /admin/getleavebystatus?status=yettoapprove
2023-12-27T08:12:53.958+05:30 DEBUG 20136 --- [AMYPO] [http-nio-8080-exec-10] o.s.security.web.FilterChainProxy        : Securing OPTIONS /admin/getPendingLeaves
2023-12-27T08:12:53.958+05:30 DEBUG 20136 --- [AMYPO] [http-nio-8080-exec-1] o.s.security.web.FilterChainProxy        : Securing GET /admin/getPendingLeaves
2023-12-27T08:12:53.964+05:30 DEBUG 20136 --- [AMYPO] [http-nio-8080-exec-9] o.s.security.web.FilterChainProxy        : Securing GET /admin/getleavebystatus?status=yettoapprove
2023-12-27T08:12:53.986+05:30 DEBUG 20136 --- [AMYPO] [http-nio-8080-exec-9] o.s.security.web.FilterChainProxy        : Secured GET /admin/getleavebystatus?status=yettoapprove
2023-12-27T08:12:53.986+05:30 DEBUG 20136 --- [AMYPO] [http-nio-8080-exec-1] o.s.security.web.FilterChainProxy        : Secured GET /admin/getPendingLeaves
2023-12-27T08:12:54.006+05:30 DEBUG 20136 --- [AMYPO] [http-nio-8080-exec-5] o.s.security.web.FilterChainProxy        : Securing GET /admin/getleavebystatus?status=yettoapprove
2023-12-27T08:12:54.006+05:30 DEBUG 20136 --- [AMYPO] [http-nio-8080-exec-4] o.s.security.web.FilterChainProxy        : Securing GET /admin/getPendingLeaves
2023-12-27T08:12:54.054+05:30 DEBUG 20136 --- [AMYPO] [http-nio-8080-exec-5] o.s.security.web.FilterChainProxy        : Secured GET /admin/getleavebystatus?status=yettoapprove
2023-12-27T08:12:54.054+05:30 DEBUG 20136 --- [AMYPO] [http-nio-8080-exec-4] o.s.security.web.FilterChainProxy        : Secured GET /admin/getPendingLeaves
2023-12-27T08:13:05.009+05:30 DEBUG 20136 --- [AMYPO] [http-nio-8080-exec-1] o.s.security.web.FilterChainProxy        : Securing OPTIONS /admin/getEmployeesByRole
2023-12-27T08:13:05.009+05:30 DEBUG 20136 --- [AMYPO] [http-nio-8080-exec-9] o.s.security.web.FilterChainProxy        : Securing OPTIONS /admin/getEmployees
2023-12-27T08:13:05.009+05:30 DEBUG 20136 --- [AMYPO] [http-nio-8080-exec-2] o.s.security.web.FilterChainProxy        : Securing OPTIONS /admin/getEmployees
2023-12-27T08:13:05.009+05:30 DEBUG 20136 --- [AMYPO] [http-nio-8080-exec-10] o.s.security.web.FilterChainProxy        : Securing OPTIONS /admin/getEmployeesByRole
2023-12-27T08:13:05.016+05:30 DEBUG 20136 --- [AMYPO] [http-nio-8080-exec-4] o.s.security.web.FilterChainProxy        : Securing GET /admin/getEmployeesByRole
2023-12-27T08:13:05.016+05:30 DEBUG 20136 --- [AMYPO] [http-nio-8080-exec-5] o.s.security.web.FilterChainProxy        : Securing GET /admin/getEmployees
2023-12-27T08:13:05.040+05:30 DEBUG 20136 --- [AMYPO] [http-nio-8080-exec-5] o.s.security.web.FilterChainProxy        : Secured GET /admin/getEmployees
2023-12-27T08:13:05.040+05:30 DEBUG 20136 --- [AMYPO] [http-nio-8080-exec-4] o.s.security.web.FilterChainProxy        : Secured GET /admin/getEmployeesByRole
2023-12-27T08:13:05.055+05:30  WARN 20136 --- [AMYPO] [http-nio-8080-exec-4] .w.s.m.s.DefaultHandlerExceptionResolver : Resolved [org.springframework.web.bind.MissingServletRequestParameterException: Required request parameter 'role' for method parameter type String is not present]
2023-12-27T08:13:05.055+05:30 DEBUG 20136 --- [AMYPO] [http-nio-8080-exec-4] o.s.security.web.FilterChainProxy        : Securing GET /error
2023-12-27T08:13:05.071+05:30 DEBUG 20136 --- [AMYPO] [http-nio-8080-exec-4] o.s.s.w.a.AnonymousAuthenticationFilter  : Set SecurityContextHolder to anonymous SecurityContext
2023-12-27T08:13:05.071+05:30 DEBUG 20136 --- [AMYPO] [http-nio-8080-exec-4] o.s.s.w.a.Http403ForbiddenEntryPoint     : Pre-authenticated entry point called. Rejecting access
2023-12-27T08:13:05.071+05:30 DEBUG 20136 --- [AMYPO] [http-nio-8080-exec-7] o.s.security.web.FilterChainProxy        : Securing GET /admin/getEmployeesByRole
2023-12-27T08:13:05.102+05:30 DEBUG 20136 --- [AMYPO] [http-nio-8080-exec-7] o.s.security.web.FilterChainProxy        : Secured GET /admin/getEmployeesByRole
2023-12-27T08:13:05.118+05:30  WARN 20136 --- [AMYPO] [http-nio-8080-exec-7] .w.s.m.s.DefaultHandlerExceptionResolver : Resolved [org.springframework.web.bind.MissingServletRequestParameterException: Required request parameter 'role' for method parameter type String is not present]
2023-12-27T08:13:05.118+05:30 DEBUG 20136 --- [AMYPO] [http-nio-8080-exec-7] o.s.security.web.FilterChainProxy        : Securing GET /error
2023-12-27T08:13:05.133+05:30 DEBUG 20136 --- [AMYPO] [http-nio-8080-exec-7] o.s.s.w.a.AnonymousAuthenticationFilter  : Set SecurityContextHolder to anonymous SecurityContext
2023-12-27T08:13:05.133+05:30 DEBUG 20136 --- [AMYPO] [http-nio-8080-exec-7] o.s.s.w.a.Http403ForbiddenEntryPoint     : Pre-authenticated entry point called. Rejecting access
2023-12-27T08:13:05.149+05:30 DEBUG 20136 --- [AMYPO] [http-nio-8080-exec-8] o.s.security.web.FilterChainProxy        : Securing GET /admin/getEmployees
2023-12-27T08:13:05.197+05:30 DEBUG 20136 --- [AMYPO] [http-nio-8080-exec-8] o.s.security.web.FilterChainProxy        : Secured GET /admin/getEmployees
2023-12-27T08:13:12.424+05:30 DEBUG 20136 --- [AMYPO] [http-nio-8080-exec-10] o.s.security.web.FilterChainProxy        : Securing OPTIONS /admin/deleteUser?eid=52f137ea-f74c-4769-be23-dca1d399b0cf
2023-12-27T08:13:12.438+05:30 DEBUG 20136 --- [AMYPO] [http-nio-8080-exec-2] o.s.security.web.FilterChainProxy        : Securing DELETE /admin/deleteUser?eid=52f137ea-f74c-4769-be23-dca1d399b0cf
2023-12-27T08:13:12.459+05:30 DEBUG 20136 --- [AMYPO] [http-nio-8080-exec-2] o.s.security.web.FilterChainProxy        : Secured DELETE /admin/deleteUser?eid=52f137ea-f74c-4769-be23-dca1d399b0cf
2023-12-27T08:13:14.069+05:30 DEBUG 20136 --- [AMYPO] [http-nio-8080-exec-4] o.s.security.web.FilterChainProxy        : Securing OPTIONS /admin/getEmployees
2023-12-27T08:13:14.069+05:30 DEBUG 20136 --- [AMYPO] [http-nio-8080-exec-7] o.s.security.web.FilterChainProxy        : Securing GET /admin/getEmployees
2023-12-27T08:13:14.089+05:30 DEBUG 20136 --- [AMYPO] [http-nio-8080-exec-7] o.s.security.web.FilterChainProxy        : Secured GET /admin/getEmployees
2023-12-27T08:17:34.101+05:30 DEBUG 20136 --- [AMYPO] [http-nio-8080-exec-1] o.s.security.web.FilterChainProxy        : Securing OPTIONS /admin/getEmployees
2023-12-27T08:17:34.101+05:30 DEBUG 20136 --- [AMYPO] [http-nio-8080-exec-6] o.s.security.web.FilterChainProxy        : Securing OPTIONS /admin/getEmployeesByRole
2023-12-27T08:17:34.101+05:30 DEBUG 20136 --- [AMYPO] [http-nio-8080-exec-3] o.s.security.web.FilterChainProxy        : Securing GET /admin/getEmployeesByRole
2023-12-27T08:17:34.101+05:30 DEBUG 20136 --- [AMYPO] [http-nio-8080-exec-8] o.s.security.web.FilterChainProxy        : Securing GET /admin/getEmployees
2023-12-27T08:17:34.101+05:30 DEBUG 20136 --- [AMYPO] [http-nio-8080-exec-9] o.s.security.web.FilterChainProxy        : Securing GET /auth/getUserById?uid=825625cf-a7b0-4c1e-9067-927b44fc04d6
2023-12-27T08:17:34.302+05:30 DEBUG 20136 --- [AMYPO] [http-nio-8080-exec-9] o.s.s.w.a.AnonymousAuthenticationFilter  : Set SecurityContextHolder to anonymous SecurityContext
2023-12-27T08:17:34.302+05:30 DEBUG 20136 --- [AMYPO] [http-nio-8080-exec-3] o.s.s.w.a.AnonymousAuthenticationFilter  : Set SecurityContextHolder to anonymous SecurityContext
2023-12-27T08:17:34.302+05:30 DEBUG 20136 --- [AMYPO] [http-nio-8080-exec-8] o.s.s.w.a.AnonymousAuthenticationFilter  : Set SecurityContextHolder to anonymous SecurityContext
2023-12-27T08:17:34.465+05:30 DEBUG 20136 --- [AMYPO] [http-nio-8080-exec-9] o.s.security.web.FilterChainProxy        : Secured GET /auth/getUserById?uid=825625cf-a7b0-4c1e-9067-927b44fc04d6
2023-12-27T08:17:34.567+05:30 DEBUG 20136 --- [AMYPO] [http-nio-8080-exec-8] o.s.s.w.a.Http403ForbiddenEntryPoint     : Pre-authenticated entry point called. Rejecting access
2023-12-27T08:17:34.567+05:30 DEBUG 20136 --- [AMYPO] [http-nio-8080-exec-3] o.s.s.w.a.Http403ForbiddenEntryPoint     : Pre-authenticated entry point called. Rejecting access
2023-12-27T08:17:34.616+05:30 DEBUG 20136 --- [AMYPO] [http-nio-8080-exec-3] o.s.security.web.FilterChainProxy        : Securing GET /error
2023-12-27T08:17:34.616+05:30 DEBUG 20136 --- [AMYPO] [http-nio-8080-exec-8] o.s.security.web.FilterChainProxy        : Securing GET /error
2023-12-27T08:17:34.701+05:30 DEBUG 20136 --- [AMYPO] [http-nio-8080-exec-3] o.s.s.w.a.AnonymousAuthenticationFilter  : Set SecurityContextHolder to anonymous SecurityContext
2023-12-27T08:17:34.701+05:30 DEBUG 20136 --- [AMYPO] [http-nio-8080-exec-3] o.s.s.w.a.Http403ForbiddenEntryPoint     : Pre-authenticated entry point called. Rejecting access
2023-12-27T08:17:34.737+05:30 DEBUG 20136 --- [AMYPO] [http-nio-8080-exec-8] o.s.s.w.a.AnonymousAuthenticationFilter  : Set SecurityContextHolder to anonymous SecurityContext
2023-12-27T08:17:34.739+05:30 DEBUG 20136 --- [AMYPO] [http-nio-8080-exec-8] o.s.s.w.a.Http403ForbiddenEntryPoint     : Pre-authenticated entry point called. Rejecting access
2023-12-27T08:17:35.886+05:30 DEBUG 20136 --- [AMYPO] [http-nio-8080-exec-10] o.s.security.web.FilterChainProxy        : Securing GET /admin/getEmployees
2023-12-27T08:17:35.892+05:30 DEBUG 20136 --- [AMYPO] [http-nio-8080-exec-10] o.s.s.w.a.AnonymousAuthenticationFilter  : Set SecurityContextHolder to anonymous SecurityContext
2023-12-27T08:17:35.894+05:30 DEBUG 20136 --- [AMYPO] [http-nio-8080-exec-4] o.s.security.web.FilterChainProxy        : Securing GET /auth/getUserById?uid=825625cf-a7b0-4c1e-9067-927b44fc04d6
2023-12-27T08:17:35.926+05:30 DEBUG 20136 --- [AMYPO] [http-nio-8080-exec-2] o.s.security.web.FilterChainProxy        : Securing GET /admin/getEmployeesByRole
2023-12-27T08:17:35.962+05:30 DEBUG 20136 --- [AMYPO] [http-nio-8080-exec-4] o.s.s.w.a.AnonymousAuthenticationFilter  : Set SecurityContextHolder to anonymous SecurityContext
2023-12-27T08:17:35.971+05:30 DEBUG 20136 --- [AMYPO] [http-nio-8080-exec-2] o.s.s.w.a.AnonymousAuthenticationFilter  : Set SecurityContextHolder to anonymous SecurityContext
2023-12-27T08:17:35.984+05:30 DEBUG 20136 --- [AMYPO] [http-nio-8080-exec-2] o.s.s.w.a.Http403ForbiddenEntryPoint     : Pre-authenticated entry point called. Rejecting access
2023-12-27T08:17:36.011+05:30 DEBUG 20136 --- [AMYPO] [http-nio-8080-exec-2] o.s.security.web.FilterChainProxy        : Securing GET /error
2023-12-27T08:17:35.984+05:30 DEBUG 20136 --- [AMYPO] [http-nio-8080-exec-10] o.s.s.w.a.Http403ForbiddenEntryPoint     : Pre-authenticated entry point called. Rejecting access
2023-12-27T08:17:35.984+05:30 DEBUG 20136 --- [AMYPO] [http-nio-8080-exec-4] o.s.security.web.FilterChainProxy        : Secured GET /auth/getUserById?uid=825625cf-a7b0-4c1e-9067-927b44fc04d6
2023-12-27T08:17:36.042+05:30 DEBUG 20136 --- [AMYPO] [http-nio-8080-exec-10] o.s.security.web.FilterChainProxy        : Securing GET /error
2023-12-27T08:17:36.051+05:30 DEBUG 20136 --- [AMYPO] [http-nio-8080-exec-10] o.s.s.w.a.AnonymousAuthenticationFilter  : Set SecurityContextHolder to anonymous SecurityContext
2023-12-27T08:17:36.051+05:30 DEBUG 20136 --- [AMYPO] [http-nio-8080-exec-10] o.s.s.w.a.Http403ForbiddenEntryPoint     : Pre-authenticated entry point called. Rejecting access
2023-12-27T08:17:36.051+05:30 DEBUG 20136 --- [AMYPO] [http-nio-8080-exec-2] o.s.s.w.a.AnonymousAuthenticationFilter  : Set SecurityContextHolder to anonymous SecurityContext
2023-12-27T08:17:36.077+05:30 DEBUG 20136 --- [AMYPO] [http-nio-8080-exec-5] o.s.security.web.FilterChainProxy        : Securing GET /auth/getUserById?uid=825625cf-a7b0-4c1e-9067-927b44fc04d6
2023-12-27T08:17:36.080+05:30 DEBUG 20136 --- [AMYPO] [http-nio-8080-exec-5] o.s.s.w.a.AnonymousAuthenticationFilter  : Set SecurityContextHolder to anonymous SecurityContext
2023-12-27T08:17:36.088+05:30 DEBUG 20136 --- [AMYPO] [http-nio-8080-exec-5] o.s.security.web.FilterChainProxy        : Secured GET /auth/getUserById?uid=825625cf-a7b0-4c1e-9067-927b44fc04d6
2023-12-27T08:17:36.079+05:30 DEBUG 20136 --- [AMYPO] [http-nio-8080-exec-2] o.s.s.w.a.Http403ForbiddenEntryPoint     : Pre-authenticated entry point called. Rejecting access
2023-12-27T08:17:36.095+05:30 DEBUG 20136 --- [AMYPO] [http-nio-8080-exec-7] o.s.security.web.FilterChainProxy        : Securing GET /admin/getEmployees
2023-12-27T08:17:36.104+05:30 DEBUG 20136 --- [AMYPO] [http-nio-8080-exec-1] o.s.security.web.FilterChainProxy        : Securing GET /admin/getEmployeesByRole
2023-12-27T08:17:37.250+05:30 DEBUG 20136 --- [AMYPO] [http-nio-8080-exec-1] o.s.security.web.FilterChainProxy        : Secured GET /admin/getEmployeesByRole
2023-12-27T08:17:37.277+05:30 DEBUG 20136 --- [AMYPO] [http-nio-8080-exec-7] o.s.security.web.FilterChainProxy        : Secured GET /admin/getEmployees
2023-12-27T08:17:37.296+05:30  WARN 20136 --- [AMYPO] [http-nio-8080-exec-1] .w.s.m.s.DefaultHandlerExceptionResolver : Resolved [org.springframework.web.bind.MissingServletRequestParameterException: Required request parameter 'role' for method parameter type String is not present]
2023-12-27T08:17:37.299+05:30 DEBUG 20136 --- [AMYPO] [http-nio-8080-exec-1] o.s.security.web.FilterChainProxy        : Securing GET /error
2023-12-27T08:17:37.302+05:30 DEBUG 20136 --- [AMYPO] [http-nio-8080-exec-1] o.s.s.w.a.AnonymousAuthenticationFilter  : Set SecurityContextHolder to anonymous SecurityContext
2023-12-27T08:17:37.303+05:30 DEBUG 20136 --- [AMYPO] [http-nio-8080-exec-1] o.s.s.w.a.Http403ForbiddenEntryPoint     : Pre-authenticated entry point called. Rejecting access
2023-12-27T08:21:56.070+05:30 DEBUG 20136 --- [AMYPO] [http-nio-8080-exec-2] o.s.security.web.FilterChainProxy        : Securing OPTIONS /admin/getEmployees
2023-12-27T08:21:56.070+05:30 DEBUG 20136 --- [AMYPO] [http-nio-8080-exec-1] o.s.security.web.FilterChainProxy        : Securing OPTIONS /admin/getEmployeesByRole
2023-12-27T08:21:56.070+05:30 DEBUG 20136 --- [AMYPO] [http-nio-8080-exec-4] o.s.security.web.FilterChainProxy        : Securing OPTIONS /admin/getEmployees
2023-12-27T08:21:56.070+05:30 DEBUG 20136 --- [AMYPO] [http-nio-8080-exec-5] o.s.security.web.FilterChainProxy        : Securing OPTIONS /admin/getEmployeesByRole
2023-12-27T08:21:56.070+05:30 DEBUG 20136 --- [AMYPO] [http-nio-8080-exec-10] o.s.security.web.FilterChainProxy        : Securing GET /auth/getUserById?uid=825625cf-a7b0-4c1e-9067-927b44fc04d6
2023-12-27T08:21:56.223+05:30 DEBUG 20136 --- [AMYPO] [http-nio-8080-exec-10] o.s.s.w.a.AnonymousAuthenticationFilter  : Set SecurityContextHolder to anonymous SecurityContext
2023-12-27T08:21:56.369+05:30 DEBUG 20136 --- [AMYPO] [http-nio-8080-exec-10] o.s.security.web.FilterChainProxy        : Secured GET /auth/getUserById?uid=825625cf-a7b0-4c1e-9067-927b44fc04d6
2023-12-27T08:21:56.422+05:30 DEBUG 20136 --- [AMYPO] [http-nio-8080-exec-6] o.s.security.web.FilterChainProxy        : Securing GET /admin/getEmployees
2023-12-27T08:21:56.424+05:30 DEBUG 20136 --- [AMYPO] [http-nio-8080-exec-7] o.s.security.web.FilterChainProxy        : Securing GET /admin/getEmployeesByRole
2023-12-27T08:21:56.652+05:30 DEBUG 20136 --- [AMYPO] [http-nio-8080-exec-9] o.s.security.web.FilterChainProxy        : Securing GET /auth/getUserById?uid=825625cf-a7b0-4c1e-9067-927b44fc04d6
2023-12-27T08:21:56.654+05:30 DEBUG 20136 --- [AMYPO] [http-nio-8080-exec-9] o.s.s.w.a.AnonymousAuthenticationFilter  : Set SecurityContextHolder to anonymous SecurityContext
2023-12-27T08:21:56.660+05:30 DEBUG 20136 --- [AMYPO] [http-nio-8080-exec-9] o.s.security.web.FilterChainProxy        : Secured GET /auth/getUserById?uid=825625cf-a7b0-4c1e-9067-927b44fc04d6
2023-12-27T08:21:56.685+05:30 DEBUG 20136 --- [AMYPO] [http-nio-8080-exec-7] o.s.security.web.FilterChainProxy        : Secured GET /admin/getEmployeesByRole
2023-12-27T08:21:56.686+05:30 DEBUG 20136 --- [AMYPO] [http-nio-8080-exec-6] o.s.security.web.FilterChainProxy        : Secured GET /admin/getEmployees
2023-12-27T08:21:56.702+05:30  WARN 20136 --- [AMYPO] [http-nio-8080-exec-7] .w.s.m.s.DefaultHandlerExceptionResolver : Resolved [org.springframework.web.bind.MissingServletRequestParameterException: Required request parameter 'role' for method parameter type String is not present]
2023-12-27T08:21:56.704+05:30 DEBUG 20136 --- [AMYPO] [http-nio-8080-exec-7] o.s.security.web.FilterChainProxy        : Securing GET /error
2023-12-27T08:21:56.717+05:30 DEBUG 20136 --- [AMYPO] [http-nio-8080-exec-7] o.s.s.w.a.AnonymousAuthenticationFilter  : Set SecurityContextHolder to anonymous SecurityContext
2023-12-27T08:21:56.717+05:30 DEBUG 20136 --- [AMYPO] [http-nio-8080-exec-7] o.s.s.w.a.Http403ForbiddenEntryPoint     : Pre-authenticated entry point called. Rejecting access
2023-12-27T08:21:56.720+05:30 DEBUG 20136 --- [AMYPO] [http-nio-8080-exec-3] o.s.security.web.FilterChainProxy        : Securing GET /admin/getEmployeesByRole
2023-12-27T08:21:56.753+05:30 DEBUG 20136 --- [AMYPO] [http-nio-8080-exec-3] o.s.security.web.FilterChainProxy        : Secured GET /admin/getEmployeesByRole
2023-12-27T08:21:56.760+05:30  WARN 20136 --- [AMYPO] [http-nio-8080-exec-3] .w.s.m.s.DefaultHandlerExceptionResolver : Resolved [org.springframework.web.bind.MissingServletRequestParameterException: Required request parameter 'role' for method parameter type String is not present]
2023-12-27T08:21:56.766+05:30 DEBUG 20136 --- [AMYPO] [http-nio-8080-exec-3] o.s.security.web.FilterChainProxy        : Securing GET /error
2023-12-27T08:21:56.766+05:30 DEBUG 20136 --- [AMYPO] [http-nio-8080-exec-3] o.s.s.w.a.AnonymousAuthenticationFilter  : Set SecurityContextHolder to anonymous SecurityContext
2023-12-27T08:21:56.766+05:30 DEBUG 20136 --- [AMYPO] [http-nio-8080-exec-3] o.s.s.w.a.Http403ForbiddenEntryPoint     : Pre-authenticated entry point called. Rejecting access
2023-12-27T08:21:56.775+05:30 DEBUG 20136 --- [AMYPO] [http-nio-8080-exec-8] o.s.security.web.FilterChainProxy        : Securing GET /admin/getEmployees
2023-12-27T08:21:56.824+05:30 DEBUG 20136 --- [AMYPO] [http-nio-8080-exec-8] o.s.security.web.FilterChainProxy        : Secured GET /admin/getEmployees
2023-12-27T08:29:03.025+05:30 DEBUG 20136 --- [AMYPO] [http-nio-8080-exec-7] o.s.security.web.FilterChainProxy        : Securing GET /auth/getUserById?uid=825625cf-a7b0-4c1e-9067-927b44fc04d6
2023-12-27T08:29:03.025+05:30 DEBUG 20136 --- [AMYPO] [http-nio-8080-exec-8] o.s.security.web.FilterChainProxy        : Securing OPTIONS /admin/getEmployeesByRole
2023-12-27T08:29:03.025+05:30 DEBUG 20136 --- [AMYPO] [http-nio-8080-exec-6] o.s.security.web.FilterChainProxy        : Securing OPTIONS /admin/getEmployeesByRole
2023-12-27T08:29:03.025+05:30 DEBUG 20136 --- [AMYPO] [http-nio-8080-exec-3] o.s.security.web.FilterChainProxy        : Securing OPTIONS /admin/getEmployees
2023-12-27T08:29:03.025+05:30 DEBUG 20136 --- [AMYPO] [http-nio-8080-exec-9] o.s.security.web.FilterChainProxy        : Securing OPTIONS /admin/getEmployees
2023-12-27T08:29:03.209+05:30 DEBUG 20136 --- [AMYPO] [http-nio-8080-exec-7] o.s.s.w.a.AnonymousAuthenticationFilter  : Set SecurityContextHolder to anonymous SecurityContext
2023-12-27T08:29:03.350+05:30 DEBUG 20136 --- [AMYPO] [http-nio-8080-exec-6] o.s.security.web.FilterChainProxy        : Securing GET /admin/getEmployees
2023-12-27T08:29:03.350+05:30 DEBUG 20136 --- [AMYPO] [http-nio-8080-exec-9] o.s.security.web.FilterChainProxy        : Securing GET /admin/getEmployeesByRole
2023-12-27T08:29:03.539+05:30 DEBUG 20136 --- [AMYPO] [http-nio-8080-exec-7] o.s.security.web.FilterChainProxy        : Secured GET /auth/getUserById?uid=825625cf-a7b0-4c1e-9067-927b44fc04d6
2023-12-27T08:29:03.990+05:30 DEBUG 20136 --- [AMYPO] [http-nio-8080-exec-6] o.s.security.web.FilterChainProxy        : Secured GET /admin/getEmployees
2023-12-27T08:29:03.990+05:30 DEBUG 20136 --- [AMYPO] [http-nio-8080-exec-9] o.s.security.web.FilterChainProxy        : Secured GET /admin/getEmployeesByRole
2023-12-27T08:29:04.019+05:30  WARN 20136 --- [AMYPO] [http-nio-8080-exec-9] .w.s.m.s.DefaultHandlerExceptionResolver : Resolved [org.springframework.web.bind.MissingServletRequestParameterException: Required request parameter 'role' for method parameter type String is not present]
2023-12-27T08:29:04.029+05:30 DEBUG 20136 --- [AMYPO] [http-nio-8080-exec-9] o.s.security.web.FilterChainProxy        : Securing GET /error
2023-12-27T08:29:04.047+05:30 DEBUG 20136 --- [AMYPO] [http-nio-8080-exec-9] o.s.s.w.a.AnonymousAuthenticationFilter  : Set SecurityContextHolder to anonymous SecurityContext
2023-12-27T08:29:04.084+05:30 DEBUG 20136 --- [AMYPO] [http-nio-8080-exec-9] o.s.s.w.a.Http403ForbiddenEntryPoint     : Pre-authenticated entry point called. Rejecting access
2023-12-27T08:29:04.090+05:30 DEBUG 20136 --- [AMYPO] [http-nio-8080-exec-2] o.s.security.web.FilterChainProxy        : Securing GET /admin/getEmployeesByRole
2023-12-27T08:29:04.128+05:30 DEBUG 20136 --- [AMYPO] [http-nio-8080-exec-5] o.s.security.web.FilterChainProxy        : Securing GET /admin/getEmployees
2023-12-27T08:29:04.195+05:30 DEBUG 20136 --- [AMYPO] [http-nio-8080-exec-5] o.s.security.web.FilterChainProxy        : Secured GET /admin/getEmployees
2023-12-27T08:29:04.235+05:30 DEBUG 20136 --- [AMYPO] [http-nio-8080-exec-2] o.s.security.web.FilterChainProxy        : Secured GET /admin/getEmployeesByRole
2023-12-27T08:29:04.269+05:30  WARN 20136 --- [AMYPO] [http-nio-8080-exec-2] .w.s.m.s.DefaultHandlerExceptionResolver : Resolved [org.springframework.web.bind.MissingServletRequestParameterException: Required request parameter 'role' for method parameter type String is not present]
2023-12-27T08:29:04.281+05:30 DEBUG 20136 --- [AMYPO] [http-nio-8080-exec-2] o.s.security.web.FilterChainProxy        : Securing GET /error
2023-12-27T08:29:04.308+05:30 DEBUG 20136 --- [AMYPO] [http-nio-8080-exec-2] o.s.s.w.a.AnonymousAuthenticationFilter  : Set SecurityContextHolder to anonymous SecurityContext
2023-12-27T08:29:04.309+05:30 DEBUG 20136 --- [AMYPO] [http-nio-8080-exec-2] o.s.s.w.a.Http403ForbiddenEntryPoint     : Pre-authenticated entry point called. Rejecting access
2023-12-27T08:29:04.650+05:30 DEBUG 20136 --- [AMYPO] [http-nio-8080-exec-1] o.s.security.web.FilterChainProxy        : Securing GET /auth/getUserById?uid=825625cf-a7b0-4c1e-9067-927b44fc04d6
2023-12-27T08:29:04.653+05:30 DEBUG 20136 --- [AMYPO] [http-nio-8080-exec-1] o.s.s.w.a.AnonymousAuthenticationFilter  : Set SecurityContextHolder to anonymous SecurityContext
2023-12-27T08:29:04.656+05:30 DEBUG 20136 --- [AMYPO] [http-nio-8080-exec-1] o.s.security.web.FilterChainProxy        : Secured GET /auth/getUserById?uid=825625cf-a7b0-4c1e-9067-927b44fc04d6
2023-12-27T08:33:32.040+05:30 DEBUG 20136 --- [AMYPO] [http-nio-8080-exec-7] o.s.security.web.FilterChainProxy        : Securing GET /auth/getUserById?uid=825625cf-a7b0-4c1e-9067-927b44fc04d6
2023-12-27T08:33:32.040+05:30 DEBUG 20136 --- [AMYPO] [http-nio-8080-exec-2] o.s.security.web.FilterChainProxy        : Securing OPTIONS /admin/getEmployeesByRole
2023-12-27T08:33:32.040+05:30 DEBUG 20136 --- [AMYPO] [http-nio-8080-exec-1] o.s.security.web.FilterChainProxy        : Securing OPTIONS /admin/getEmployees
2023-12-27T08:33:32.040+05:30 DEBUG 20136 --- [AMYPO] [http-nio-8080-exec-5] o.s.security.web.FilterChainProxy        : Securing OPTIONS /admin/getEmployees
2023-12-27T08:33:32.040+05:30 DEBUG 20136 --- [AMYPO] [http-nio-8080-exec-6] o.s.security.web.FilterChainProxy        : Securing OPTIONS /admin/getEmployeesByRole
2023-12-27T08:33:32.277+05:30 DEBUG 20136 --- [AMYPO] [http-nio-8080-exec-7] o.s.s.w.a.AnonymousAuthenticationFilter  : Set SecurityContextHolder to anonymous SecurityContext
2023-12-27T08:33:32.377+05:30 DEBUG 20136 --- [AMYPO] [http-nio-8080-exec-7] o.s.security.web.FilterChainProxy        : Secured GET /auth/getUserById?uid=825625cf-a7b0-4c1e-9067-927b44fc04d6
2023-12-27T08:33:32.531+05:30 DEBUG 20136 --- [AMYPO] [http-nio-8080-exec-3] o.s.security.web.FilterChainProxy        : Securing GET /admin/getEmployees
2023-12-27T08:33:32.532+05:30 DEBUG 20136 --- [AMYPO] [http-nio-8080-exec-9] o.s.security.web.FilterChainProxy        : Securing GET /admin/getEmployeesByRole
2023-12-27T08:33:32.732+05:30 DEBUG 20136 --- [AMYPO] [http-nio-8080-exec-8] o.s.security.web.FilterChainProxy        : Securing GET /auth/getUserById?uid=825625cf-a7b0-4c1e-9067-927b44fc04d6
2023-12-27T08:33:32.735+05:30 DEBUG 20136 --- [AMYPO] [http-nio-8080-exec-8] o.s.s.w.a.AnonymousAuthenticationFilter  : Set SecurityContextHolder to anonymous SecurityContext
2023-12-27T08:33:32.737+05:30 DEBUG 20136 --- [AMYPO] [http-nio-8080-exec-8] o.s.security.web.FilterChainProxy        : Secured GET /auth/getUserById?uid=825625cf-a7b0-4c1e-9067-927b44fc04d6
2023-12-27T08:33:32.772+05:30 DEBUG 20136 --- [AMYPO] [http-nio-8080-exec-3] o.s.security.web.FilterChainProxy        : Secured GET /admin/getEmployees
2023-12-27T08:33:32.772+05:30 DEBUG 20136 --- [AMYPO] [http-nio-8080-exec-9] o.s.security.web.FilterChainProxy        : Secured GET /admin/getEmployeesByRole
2023-12-27T08:33:32.819+05:30  WARN 20136 --- [AMYPO] [http-nio-8080-exec-9] .w.s.m.s.DefaultHandlerExceptionResolver : Resolved [org.springframework.web.bind.MissingServletRequestParameterException: Required request parameter 'role' for method parameter type String is not present]
2023-12-27T08:33:32.822+05:30 DEBUG 20136 --- [AMYPO] [http-nio-8080-exec-9] o.s.security.web.FilterChainProxy        : Securing GET /error
2023-12-27T08:33:32.830+05:30 DEBUG 20136 --- [AMYPO] [http-nio-8080-exec-10] o.s.security.web.FilterChainProxy        : Securing GET /admin/getEmployees
2023-12-27T08:33:32.836+05:30 DEBUG 20136 --- [AMYPO] [http-nio-8080-exec-9] o.s.s.w.a.AnonymousAuthenticationFilter  : Set SecurityContextHolder to anonymous SecurityContext
2023-12-27T08:33:32.841+05:30 DEBUG 20136 --- [AMYPO] [http-nio-8080-exec-9] o.s.s.w.a.Http403ForbiddenEntryPoint     : Pre-authenticated entry point called. Rejecting access
2023-12-27T08:33:32.845+05:30 DEBUG 20136 --- [AMYPO] [http-nio-8080-exec-4] o.s.security.web.FilterChainProxy        : Securing GET /admin/getEmployeesByRole
2023-12-27T08:33:32.862+05:30 DEBUG 20136 --- [AMYPO] [http-nio-8080-exec-10] o.s.security.web.FilterChainProxy        : Secured GET /admin/getEmployees
2023-12-27T08:33:32.864+05:30 DEBUG 20136 --- [AMYPO] [http-nio-8080-exec-4] o.s.security.web.FilterChainProxy        : Secured GET /admin/getEmployeesByRole
2023-12-27T08:33:32.866+05:30  WARN 20136 --- [AMYPO] [http-nio-8080-exec-4] .w.s.m.s.DefaultHandlerExceptionResolver : Resolved [org.springframework.web.bind.MissingServletRequestParameterException: Required request parameter 'role' for method parameter type String is not present]
2023-12-27T08:33:32.866+05:30 DEBUG 20136 --- [AMYPO] [http-nio-8080-exec-4] o.s.security.web.FilterChainProxy        : Securing GET /error
2023-12-27T08:33:32.869+05:30 DEBUG 20136 --- [AMYPO] [http-nio-8080-exec-4] o.s.s.w.a.AnonymousAuthenticationFilter  : Set SecurityContextHolder to anonymous SecurityContext
2023-12-27T08:33:32.897+05:30 DEBUG 20136 --- [AMYPO] [http-nio-8080-exec-4] o.s.s.w.a.Http403ForbiddenEntryPoint     : Pre-authenticated entry point called. Rejecting access
2023-12-27T08:34:24.214+05:30 DEBUG 20136 --- [AMYPO] [http-nio-8080-exec-8] o.s.security.web.FilterChainProxy        : Securing GET /admin/getEmployees
2023-12-27T08:34:24.216+05:30 DEBUG 20136 --- [AMYPO] [http-nio-8080-exec-3] o.s.security.web.FilterChainProxy        : Securing GET /admin/getEmployeesByRole
2023-12-27T08:34:24.217+05:30 DEBUG 20136 --- [AMYPO] [http-nio-8080-exec-9] o.s.security.web.FilterChainProxy        : Securing GET /auth/getUserById?uid=825625cf-a7b0-4c1e-9067-927b44fc04d6
2023-12-27T08:34:24.218+05:30 DEBUG 20136 --- [AMYPO] [http-nio-8080-exec-3] o.s.s.w.a.AnonymousAuthenticationFilter  : Set SecurityContextHolder to anonymous SecurityContext
2023-12-27T08:34:24.218+05:30 DEBUG 20136 --- [AMYPO] [http-nio-8080-exec-9] o.s.s.w.a.AnonymousAuthenticationFilter  : Set SecurityContextHolder to anonymous SecurityContext
2023-12-27T08:34:24.225+05:30 DEBUG 20136 --- [AMYPO] [http-nio-8080-exec-4] o.s.security.web.FilterChainProxy        : Securing OPTIONS /admin/getEmployeesByRole
2023-12-27T08:34:24.225+05:30 DEBUG 20136 --- [AMYPO] [http-nio-8080-exec-10] o.s.security.web.FilterChainProxy        : Securing OPTIONS /admin/getEmployees
2023-12-27T08:34:24.255+05:30 DEBUG 20136 --- [AMYPO] [http-nio-8080-exec-8] o.s.s.w.a.AnonymousAuthenticationFilter  : Set SecurityContextHolder to anonymous SecurityContext
2023-12-27T08:34:24.273+05:30 DEBUG 20136 --- [AMYPO] [http-nio-8080-exec-9] o.s.security.web.FilterChainProxy        : Secured GET /auth/getUserById?uid=825625cf-a7b0-4c1e-9067-927b44fc04d6
2023-12-27T08:34:24.273+05:30 DEBUG 20136 --- [AMYPO] [http-nio-8080-exec-3] o.s.s.w.a.Http403ForbiddenEntryPoint     : Pre-authenticated entry point called. Rejecting access
2023-12-27T08:34:24.273+05:30 DEBUG 20136 --- [AMYPO] [http-nio-8080-exec-8] o.s.s.w.a.Http403ForbiddenEntryPoint     : Pre-authenticated entry point called. Rejecting access
2023-12-27T08:34:24.274+05:30 DEBUG 20136 --- [AMYPO] [http-nio-8080-exec-3] o.s.security.web.FilterChainProxy        : Securing GET /error
2023-12-27T08:34:24.274+05:30 DEBUG 20136 --- [AMYPO] [http-nio-8080-exec-8] o.s.security.web.FilterChainProxy        : Securing GET /error
2023-12-27T08:34:24.311+05:30 DEBUG 20136 --- [AMYPO] [http-nio-8080-exec-8] o.s.s.w.a.AnonymousAuthenticationFilter  : Set SecurityContextHolder to anonymous SecurityContext
2023-12-27T08:34:24.312+05:30 DEBUG 20136 --- [AMYPO] [http-nio-8080-exec-8] o.s.s.w.a.Http403ForbiddenEntryPoint     : Pre-authenticated entry point called. Rejecting access
2023-12-27T08:34:24.323+05:30 DEBUG 20136 --- [AMYPO] [http-nio-8080-exec-3] o.s.s.w.a.AnonymousAuthenticationFilter  : Set SecurityContextHolder to anonymous SecurityContext
2023-12-27T08:34:24.324+05:30 DEBUG 20136 --- [AMYPO] [http-nio-8080-exec-3] o.s.s.w.a.Http403ForbiddenEntryPoint     : Pre-authenticated entry point called. Rejecting access
2023-12-27T08:34:24.373+05:30 DEBUG 20136 --- [AMYPO] [http-nio-8080-exec-7] o.s.security.web.FilterChainProxy        : Securing GET /admin/getEmployees
2023-12-27T08:34:24.374+05:30 DEBUG 20136 --- [AMYPO] [http-nio-8080-exec-6] o.s.security.web.FilterChainProxy        : Securing GET /auth/getUserById?uid=825625cf-a7b0-4c1e-9067-927b44fc04d6
2023-12-27T08:34:24.374+05:30 DEBUG 20136 --- [AMYPO] [http-nio-8080-exec-1] o.s.security.web.FilterChainProxy        : Securing GET /admin/getEmployeesByRole
2023-12-27T08:34:24.375+05:30 DEBUG 20136 --- [AMYPO] [http-nio-8080-exec-6] o.s.s.w.a.AnonymousAuthenticationFilter  : Set SecurityContextHolder to anonymous SecurityContext
2023-12-27T08:34:24.376+05:30 DEBUG 20136 --- [AMYPO] [http-nio-8080-exec-6] o.s.security.web.FilterChainProxy        : Secured GET /auth/getUserById?uid=825625cf-a7b0-4c1e-9067-927b44fc04d6
2023-12-27T08:34:24.388+05:30 DEBUG 20136 --- [AMYPO] [http-nio-8080-exec-1] o.s.security.web.FilterChainProxy        : Secured GET /admin/getEmployeesByRole
2023-12-27T08:34:24.390+05:30  WARN 20136 --- [AMYPO] [http-nio-8080-exec-1] .w.s.m.s.DefaultHandlerExceptionResolver : Resolved [org.springframework.web.bind.MissingServletRequestParameterException: Required request parameter 'role' for method parameter type String is not present]
2023-12-27T08:34:24.391+05:30 DEBUG 20136 --- [AMYPO] [http-nio-8080-exec-1] o.s.security.web.FilterChainProxy        : Securing GET /error
2023-12-27T08:34:24.394+05:30 DEBUG 20136 --- [AMYPO] [http-nio-8080-exec-1] o.s.s.w.a.AnonymousAuthenticationFilter  : Set SecurityContextHolder to anonymous SecurityContext
2023-12-27T08:34:24.395+05:30 DEBUG 20136 --- [AMYPO] [http-nio-8080-exec-1] o.s.s.w.a.Http403ForbiddenEntryPoint     : Pre-authenticated entry point called. Rejecting access
2023-12-27T08:34:24.970+05:30 DEBUG 20136 --- [AMYPO] [http-nio-8080-exec-7] o.s.security.web.FilterChainProxy        : Secured GET /admin/getEmployees
2023-12-27T08:34:30.260+05:30 DEBUG 20136 --- [AMYPO] [http-nio-8080-exec-10] o.s.security.web.FilterChainProxy        : Securing OPTIONS /admin/deleteUser?eid=90955620-6fa3-4944-b173-f56d9e20c678
2023-12-27T08:34:30.260+05:30 DEBUG 20136 --- [AMYPO] [http-nio-8080-exec-3] o.s.security.web.FilterChainProxy        : Securing DELETE /admin/deleteUser?eid=90955620-6fa3-4944-b173-f56d9e20c678
2023-12-27T08:34:30.291+05:30 DEBUG 20136 --- [AMYPO] [http-nio-8080-exec-3] o.s.security.web.FilterChainProxy        : Secured DELETE /admin/deleteUser?eid=90955620-6fa3-4944-b173-f56d9e20c678
2023-12-27T08:34:32.098+05:30 DEBUG 20136 --- [AMYPO] [http-nio-8080-exec-1] o.s.security.web.FilterChainProxy        : Securing OPTIONS /admin/getEmployees
2023-12-27T08:34:32.116+05:30 DEBUG 20136 --- [AMYPO] [http-nio-8080-exec-7] o.s.security.web.FilterChainProxy        : Securing GET /admin/getEmployees
2023-12-27T08:34:32.195+05:30 DEBUG 20136 --- [AMYPO] [http-nio-8080-exec-7] o.s.security.web.FilterChainProxy        : Secured GET /admin/getEmployees
2023-12-27T08:35:10.901+05:30 DEBUG 20136 --- [AMYPO] [http-nio-8080-exec-5] o.s.security.web.FilterChainProxy        : Securing OPTIONS /admin/register
2023-12-27T08:35:10.901+05:30 DEBUG 20136 --- [AMYPO] [http-nio-8080-exec-8] o.s.security.web.FilterChainProxy        : Securing POST /admin/register
2023-12-27T08:35:10.918+05:30 DEBUG 20136 --- [AMYPO] [http-nio-8080-exec-8] o.s.security.web.FilterChainProxy        : Secured POST /admin/register
2023-12-27T08:35:12.858+05:30 DEBUG 20136 --- [AMYPO] [http-nio-8080-exec-4] o.s.security.web.FilterChainProxy        : Securing OPTIONS /admin/getEmployees
2023-12-27T08:35:12.858+05:30 DEBUG 20136 --- [AMYPO] [http-nio-8080-exec-9] o.s.security.web.FilterChainProxy        : Securing GET /admin/getEmployees
2023-12-27T08:35:12.881+05:30 DEBUG 20136 --- [AMYPO] [http-nio-8080-exec-9] o.s.security.web.FilterChainProxy        : Secured GET /admin/getEmployees
2023-12-27T08:36:33.907+05:30 DEBUG 20136 --- [AMYPO] [http-nio-8080-exec-6] o.s.security.web.FilterChainProxy        : Securing OPTIONS /admin/getEmployeesByRole
2023-12-27T08:36:33.907+05:30 DEBUG 20136 --- [AMYPO] [http-nio-8080-exec-3] o.s.security.web.FilterChainProxy        : Securing OPTIONS /admin/getEmployees
2023-12-27T08:36:34.002+05:30 DEBUG 20136 --- [AMYPO] [http-nio-8080-exec-6] o.s.security.web.FilterChainProxy        : Securing GET /admin/getEmployees
2023-12-27T08:36:34.002+05:30 DEBUG 20136 --- [AMYPO] [http-nio-8080-exec-3] o.s.security.web.FilterChainProxy        : Securing GET /admin/getEmployeesByRole
2023-12-27T08:36:34.436+05:30 DEBUG 20136 --- [AMYPO] [http-nio-8080-exec-3] o.s.security.web.FilterChainProxy        : Secured GET /admin/getEmployeesByRole
2023-12-27T08:36:34.437+05:30 DEBUG 20136 --- [AMYPO] [http-nio-8080-exec-6] o.s.security.web.FilterChainProxy        : Secured GET /admin/getEmployees
2023-12-27T08:36:34.437+05:30  WARN 20136 --- [AMYPO] [http-nio-8080-exec-3] .w.s.m.s.DefaultHandlerExceptionResolver : Resolved [org.springframework.web.bind.MissingServletRequestParameterException: Required request parameter 'role' for method parameter type String is not present]
2023-12-27T08:36:34.456+05:30 DEBUG 20136 --- [AMYPO] [http-nio-8080-exec-3] o.s.security.web.FilterChainProxy        : Securing GET /error
2023-12-27T08:36:34.468+05:30 DEBUG 20136 --- [AMYPO] [http-nio-8080-exec-3] o.s.s.w.a.AnonymousAuthenticationFilter  : Set SecurityContextHolder to anonymous SecurityContext
2023-12-27T08:36:34.483+05:30 DEBUG 20136 --- [AMYPO] [http-nio-8080-exec-3] o.s.s.w.a.Http403ForbiddenEntryPoint     : Pre-authenticated entry point called. Rejecting access
2023-12-27T08:37:23.102+05:30 DEBUG 20136 --- [AMYPO] [http-nio-8080-exec-2] o.s.security.web.FilterChainProxy        : Securing GET /auth/getUserById?uid=825625cf-a7b0-4c1e-9067-927b44fc04d6
2023-12-27T08:37:23.104+05:30 DEBUG 20136 --- [AMYPO] [http-nio-8080-exec-2] o.s.s.w.a.AnonymousAuthenticationFilter  : Set SecurityContextHolder to anonymous SecurityContext
2023-12-27T08:37:23.105+05:30 DEBUG 20136 --- [AMYPO] [http-nio-8080-exec-2] o.s.security.web.FilterChainProxy        : Secured GET /auth/getUserById?uid=825625cf-a7b0-4c1e-9067-927b44fc04d6
2023-12-27T08:37:23.111+05:30 DEBUG 20136 --- [AMYPO] [http-nio-8080-exec-5] o.s.security.web.FilterChainProxy        : Securing OPTIONS /admin/getEmployees
2023-12-27T08:37:23.125+05:30 DEBUG 20136 --- [AMYPO] [http-nio-8080-exec-9] o.s.security.web.FilterChainProxy        : Securing OPTIONS /admin/getEmployeesByRole
2023-12-27T08:37:23.127+05:30 DEBUG 20136 --- [AMYPO] [http-nio-8080-exec-8] o.s.security.web.FilterChainProxy        : Securing OPTIONS /admin/getEmployeesByRole
2023-12-27T08:37:23.123+05:30 DEBUG 20136 --- [AMYPO] [http-nio-8080-exec-4] o.s.security.web.FilterChainProxy        : Securing OPTIONS /admin/getEmployees
2023-12-27T08:37:23.139+05:30 DEBUG 20136 --- [AMYPO] [http-nio-8080-exec-9] o.s.security.web.FilterChainProxy        : Securing GET /admin/getEmployeesByRole
2023-12-27T08:37:23.147+05:30 DEBUG 20136 --- [AMYPO] [http-nio-8080-exec-3] o.s.security.web.FilterChainProxy        : Securing GET /auth/getUserById?uid=825625cf-a7b0-4c1e-9067-927b44fc04d6
2023-12-27T08:37:23.154+05:30 DEBUG 20136 --- [AMYPO] [http-nio-8080-exec-3] o.s.s.w.a.AnonymousAuthenticationFilter  : Set SecurityContextHolder to anonymous SecurityContext
2023-12-27T08:37:23.156+05:30 DEBUG 20136 --- [AMYPO] [http-nio-8080-exec-3] o.s.security.web.FilterChainProxy        : Secured GET /auth/getUserById?uid=825625cf-a7b0-4c1e-9067-927b44fc04d6
2023-12-27T08:37:23.139+05:30 DEBUG 20136 --- [AMYPO] [http-nio-8080-exec-10] o.s.security.web.FilterChainProxy        : Securing GET /admin/getEmployees
2023-12-27T08:37:23.220+05:30 DEBUG 20136 --- [AMYPO] [http-nio-8080-exec-9] o.s.security.web.FilterChainProxy        : Secured GET /admin/getEmployeesByRole
2023-12-27T08:37:23.233+05:30  WARN 20136 --- [AMYPO] [http-nio-8080-exec-9] .w.s.m.s.DefaultHandlerExceptionResolver : Resolved [org.springframework.web.bind.MissingServletRequestParameterException: Required request parameter 'role' for method parameter type String is not present]
2023-12-27T08:37:23.237+05:30 DEBUG 20136 --- [AMYPO] [http-nio-8080-exec-9] o.s.security.web.FilterChainProxy        : Securing GET /error
2023-12-27T08:37:23.240+05:30 DEBUG 20136 --- [AMYPO] [http-nio-8080-exec-9] o.s.s.w.a.AnonymousAuthenticationFilter  : Set SecurityContextHolder to anonymous SecurityContext
2023-12-27T08:37:23.241+05:30 DEBUG 20136 --- [AMYPO] [http-nio-8080-exec-9] o.s.s.w.a.Http403ForbiddenEntryPoint     : Pre-authenticated entry point called. Rejecting access
2023-12-27T08:37:23.243+05:30 DEBUG 20136 --- [AMYPO] [http-nio-8080-exec-10] o.s.security.web.FilterChainProxy        : Secured GET /admin/getEmployees
2023-12-27T08:37:23.244+05:30 DEBUG 20136 --- [AMYPO] [http-nio-8080-exec-6] o.s.security.web.FilterChainProxy        : Securing GET /admin/getEmployeesByRole
2023-12-27T08:37:23.264+05:30 DEBUG 20136 --- [AMYPO] [http-nio-8080-exec-6] o.s.security.web.FilterChainProxy        : Secured GET /admin/getEmployeesByRole
2023-12-27T08:37:23.270+05:30  WARN 20136 --- [AMYPO] [http-nio-8080-exec-6] .w.s.m.s.DefaultHandlerExceptionResolver : Resolved [org.springframework.web.bind.MissingServletRequestParameterException: Required request parameter 'role' for method parameter type String is not present]
2023-12-27T08:37:23.273+05:30 DEBUG 20136 --- [AMYPO] [http-nio-8080-exec-6] o.s.security.web.FilterChainProxy        : Securing GET /error
2023-12-27T08:37:23.276+05:30 DEBUG 20136 --- [AMYPO] [http-nio-8080-exec-6] o.s.s.w.a.AnonymousAuthenticationFilter  : Set SecurityContextHolder to anonymous SecurityContext
2023-12-27T08:37:23.277+05:30 DEBUG 20136 --- [AMYPO] [http-nio-8080-exec-6] o.s.s.w.a.Http403ForbiddenEntryPoint     : Pre-authenticated entry point called. Rejecting access
2023-12-27T08:37:23.281+05:30 DEBUG 20136 --- [AMYPO] [http-nio-8080-exec-7] o.s.security.web.FilterChainProxy        : Securing GET /admin/getEmployees
2023-12-27T08:37:23.379+05:30 DEBUG 20136 --- [AMYPO] [http-nio-8080-exec-7] o.s.security.web.FilterChainProxy        : Secured GET /admin/getEmployees
2023-12-27T08:37:59.974+05:30 DEBUG 20136 --- [AMYPO] [http-nio-8080-exec-6] o.s.security.web.FilterChainProxy        : Securing OPTIONS /admin/getEmployees
2023-12-27T08:37:59.974+05:30 DEBUG 20136 --- [AMYPO] [http-nio-8080-exec-10] o.s.security.web.FilterChainProxy        : Securing OPTIONS /admin/getEmployeesByRole
2023-12-27T08:37:59.974+05:30 DEBUG 20136 --- [AMYPO] [http-nio-8080-exec-9] o.s.security.web.FilterChainProxy        : Securing OPTIONS /admin/getEmployees
2023-12-27T08:37:59.974+05:30 DEBUG 20136 --- [AMYPO] [http-nio-8080-exec-3] o.s.security.web.FilterChainProxy        : Securing OPTIONS /admin/getEmployeesByRole
2023-12-27T08:37:59.974+05:30 DEBUG 20136 --- [AMYPO] [http-nio-8080-exec-7] o.s.security.web.FilterChainProxy        : Securing GET /auth/getUserById?uid=825625cf-a7b0-4c1e-9067-927b44fc04d6
2023-12-27T08:38:00.136+05:30 DEBUG 20136 --- [AMYPO] [http-nio-8080-exec-7] o.s.s.w.a.AnonymousAuthenticationFilter  : Set SecurityContextHolder to anonymous SecurityContext
2023-12-27T08:38:00.186+05:30 DEBUG 20136 --- [AMYPO] [http-nio-8080-exec-7] o.s.security.web.FilterChainProxy        : Secured GET /auth/getUserById?uid=825625cf-a7b0-4c1e-9067-927b44fc04d6
2023-12-27T08:38:00.199+05:30 DEBUG 20136 --- [AMYPO] [http-nio-8080-exec-1] o.s.security.web.FilterChainProxy        : Securing GET /admin/getEmployees
2023-12-27T08:38:00.204+05:30 DEBUG 20136 --- [AMYPO] [http-nio-8080-exec-2] o.s.security.web.FilterChainProxy        : Securing GET /admin/getEmployeesByRole
2023-12-27T08:38:00.357+05:30 DEBUG 20136 --- [AMYPO] [http-nio-8080-exec-1] o.s.security.web.FilterChainProxy        : Secured GET /admin/getEmployees
2023-12-27T08:38:00.386+05:30 DEBUG 20136 --- [AMYPO] [http-nio-8080-exec-5] o.s.security.web.FilterChainProxy        : Securing GET /auth/getUserById?uid=825625cf-a7b0-4c1e-9067-927b44fc04d6
2023-12-27T08:38:00.388+05:30 DEBUG 20136 --- [AMYPO] [http-nio-8080-exec-5] o.s.s.w.a.AnonymousAuthenticationFilter  : Set SecurityContextHolder to anonymous SecurityContext
2023-12-27T08:38:00.396+05:30 DEBUG 20136 --- [AMYPO] [http-nio-8080-exec-2] o.s.security.web.FilterChainProxy        : Secured GET /admin/getEmployeesByRole
2023-12-27T08:38:00.402+05:30 DEBUG 20136 --- [AMYPO] [http-nio-8080-exec-5] o.s.security.web.FilterChainProxy        : Secured GET /auth/getUserById?uid=825625cf-a7b0-4c1e-9067-927b44fc04d6
2023-12-27T08:38:00.464+05:30  WARN 20136 --- [AMYPO] [http-nio-8080-exec-2] .w.s.m.s.DefaultHandlerExceptionResolver : Resolved [org.springframework.web.bind.MissingServletRequestParameterException: Required request parameter 'role' for method parameter type String is not present]
2023-12-27T08:38:00.469+05:30 DEBUG 20136 --- [AMYPO] [http-nio-8080-exec-2] o.s.security.web.FilterChainProxy        : Securing GET /error
2023-12-27T08:38:00.475+05:30 DEBUG 20136 --- [AMYPO] [http-nio-8080-exec-2] o.s.s.w.a.AnonymousAuthenticationFilter  : Set SecurityContextHolder to anonymous SecurityContext
2023-12-27T08:38:00.476+05:30 DEBUG 20136 --- [AMYPO] [http-nio-8080-exec-2] o.s.s.w.a.Http403ForbiddenEntryPoint     : Pre-authenticated entry point called. Rejecting access
2023-12-27T08:38:00.483+05:30 DEBUG 20136 --- [AMYPO] [http-nio-8080-exec-4] o.s.security.web.FilterChainProxy        : Securing GET /admin/getEmployees
2023-12-27T08:38:00.483+05:30 DEBUG 20136 --- [AMYPO] [http-nio-8080-exec-8] o.s.security.web.FilterChainProxy        : Securing GET /admin/getEmployeesByRole
2023-12-27T08:38:00.504+05:30 DEBUG 20136 --- [AMYPO] [http-nio-8080-exec-4] o.s.security.web.FilterChainProxy        : Secured GET /admin/getEmployees
2023-12-27T08:38:00.505+05:30 DEBUG 20136 --- [AMYPO] [http-nio-8080-exec-8] o.s.security.web.FilterChainProxy        : Secured GET /admin/getEmployeesByRole
2023-12-27T08:38:00.506+05:30  WARN 20136 --- [AMYPO] [http-nio-8080-exec-8] .w.s.m.s.DefaultHandlerExceptionResolver : Resolved [org.springframework.web.bind.MissingServletRequestParameterException: Required request parameter 'role' for method parameter type String is not present]
2023-12-27T08:38:00.508+05:30 DEBUG 20136 --- [AMYPO] [http-nio-8080-exec-8] o.s.security.web.FilterChainProxy        : Securing GET /error
2023-12-27T08:38:00.513+05:30 DEBUG 20136 --- [AMYPO] [http-nio-8080-exec-8] o.s.s.w.a.AnonymousAuthenticationFilter  : Set SecurityContextHolder to anonymous SecurityContext
2023-12-27T08:38:00.514+05:30 DEBUG 20136 --- [AMYPO] [http-nio-8080-exec-8] o.s.s.w.a.Http403ForbiddenEntryPoint     : Pre-authenticated entry point called. Rejecting access
2023-12-27T08:39:34.518+05:30 DEBUG 20136 --- [AMYPO] [http-nio-8080-exec-5] o.s.security.web.FilterChainProxy        : Securing OPTIONS /admin/getEmployeesByRole
2023-12-27T08:39:34.518+05:30 DEBUG 20136 --- [AMYPO] [http-nio-8080-exec-2] o.s.security.web.FilterChainProxy        : Securing GET /auth/getUserById?uid=825625cf-a7b0-4c1e-9067-927b44fc04d6
2023-12-27T08:39:34.518+05:30 DEBUG 20136 --- [AMYPO] [http-nio-8080-exec-1] o.s.security.web.FilterChainProxy        : Securing OPTIONS /admin/getEmployees
2023-12-27T08:39:34.517+05:30 DEBUG 20136 --- [AMYPO] [http-nio-8080-exec-8] o.s.security.web.FilterChainProxy        : Securing OPTIONS /admin/getEmployees
2023-12-27T08:39:34.517+05:30 DEBUG 20136 --- [AMYPO] [http-nio-8080-exec-4] o.s.security.web.FilterChainProxy        : Securing OPTIONS /admin/getEmployeesByRole
2023-12-27T08:39:34.610+05:30 DEBUG 20136 --- [AMYPO] [http-nio-8080-exec-2] o.s.s.w.a.AnonymousAuthenticationFilter  : Set SecurityContextHolder to anonymous SecurityContext
2023-12-27T08:39:34.645+05:30 DEBUG 20136 --- [AMYPO] [http-nio-8080-exec-8] o.s.security.web.FilterChainProxy        : Securing GET /admin/getEmployeesByRole
2023-12-27T08:39:34.647+05:30 DEBUG 20136 --- [AMYPO] [http-nio-8080-exec-5] o.s.security.web.FilterChainProxy        : Securing GET /admin/getEmployees
2023-12-27T08:39:34.664+05:30 DEBUG 20136 --- [AMYPO] [http-nio-8080-exec-2] o.s.security.web.FilterChainProxy        : Secured GET /auth/getUserById?uid=825625cf-a7b0-4c1e-9067-927b44fc04d6
2023-12-27T08:39:34.782+05:30 DEBUG 20136 --- [AMYPO] [http-nio-8080-exec-3] o.s.security.web.FilterChainProxy        : Securing GET /auth/getUserById?uid=825625cf-a7b0-4c1e-9067-927b44fc04d6
2023-12-27T08:39:34.794+05:30 DEBUG 20136 --- [AMYPO] [http-nio-8080-exec-3] o.s.s.w.a.AnonymousAuthenticationFilter  : Set SecurityContextHolder to anonymous SecurityContext
2023-12-27T08:39:34.796+05:30 DEBUG 20136 --- [AMYPO] [http-nio-8080-exec-3] o.s.security.web.FilterChainProxy        : Secured GET /auth/getUserById?uid=825625cf-a7b0-4c1e-9067-927b44fc04d6
2023-12-27T08:39:34.813+05:30 DEBUG 20136 --- [AMYPO] [http-nio-8080-exec-5] o.s.security.web.FilterChainProxy        : Secured GET /admin/getEmployees
2023-12-27T08:39:34.827+05:30 DEBUG 20136 --- [AMYPO] [http-nio-8080-exec-8] o.s.security.web.FilterChainProxy        : Secured GET /admin/getEmployeesByRole
2023-12-27T08:39:34.849+05:30  WARN 20136 --- [AMYPO] [http-nio-8080-exec-8] .w.s.m.s.DefaultHandlerExceptionResolver : Resolved [org.springframework.web.bind.MissingServletRequestParameterException: Required request parameter 'role' for method parameter type String is not present]
2023-12-27T08:39:34.859+05:30 DEBUG 20136 --- [AMYPO] [http-nio-8080-exec-8] o.s.security.web.FilterChainProxy        : Securing GET /error
2023-12-27T08:39:34.897+05:30 DEBUG 20136 --- [AMYPO] [http-nio-8080-exec-8] o.s.s.w.a.AnonymousAuthenticationFilter  : Set SecurityContextHolder to anonymous SecurityContext
2023-12-27T08:39:34.902+05:30 DEBUG 20136 --- [AMYPO] [http-nio-8080-exec-8] o.s.s.w.a.Http403ForbiddenEntryPoint     : Pre-authenticated entry point called. Rejecting access
2023-12-27T08:39:34.917+05:30 DEBUG 20136 --- [AMYPO] [http-nio-8080-exec-5] o.s.security.web.FilterChainProxy        : Securing GET /admin/getEmployees
2023-12-27T08:39:34.934+05:30 DEBUG 20136 --- [AMYPO] [http-nio-8080-exec-8] o.s.security.web.FilterChainProxy        : Securing GET /admin/getEmployeesByRole
2023-12-27T08:39:34.969+05:30 DEBUG 20136 --- [AMYPO] [http-nio-8080-exec-5] o.s.security.web.FilterChainProxy        : Secured GET /admin/getEmployees
2023-12-27T08:39:35.006+05:30 DEBUG 20136 --- [AMYPO] [http-nio-8080-exec-8] o.s.security.web.FilterChainProxy        : Secured GET /admin/getEmployeesByRole
2023-12-27T08:39:35.008+05:30  WARN 20136 --- [AMYPO] [http-nio-8080-exec-8] .w.s.m.s.DefaultHandlerExceptionResolver : Resolved [org.springframework.web.bind.MissingServletRequestParameterException: Required request parameter 'role' for method parameter type String is not present]
2023-12-27T08:39:35.009+05:30 DEBUG 20136 --- [AMYPO] [http-nio-8080-exec-8] o.s.security.web.FilterChainProxy        : Securing GET /error
2023-12-27T08:39:35.013+05:30 DEBUG 20136 --- [AMYPO] [http-nio-8080-exec-8] o.s.s.w.a.AnonymousAuthenticationFilter  : Set SecurityContextHolder to anonymous SecurityContext
2023-12-27T08:39:35.013+05:30 DEBUG 20136 --- [AMYPO] [http-nio-8080-exec-8] o.s.s.w.a.Http403ForbiddenEntryPoint     : Pre-authenticated entry point called. Rejecting access
2023-12-27T08:40:23.170+05:30 DEBUG 20136 --- [AMYPO] [http-nio-8080-exec-8] o.s.security.web.FilterChainProxy        : Securing OPTIONS /admin/getEmployees
2023-12-27T08:40:23.170+05:30 DEBUG 20136 --- [AMYPO] [http-nio-8080-exec-3] o.s.security.web.FilterChainProxy        : Securing OPTIONS /admin/getEmployeesByRole
2023-12-27T08:40:23.170+05:30 DEBUG 20136 --- [AMYPO] [http-nio-8080-exec-2] o.s.security.web.FilterChainProxy        : Securing GET /auth/getUserById?uid=825625cf-a7b0-4c1e-9067-927b44fc04d6
2023-12-27T08:40:23.170+05:30 DEBUG 20136 --- [AMYPO] [http-nio-8080-exec-5] o.s.security.web.FilterChainProxy        : Securing OPTIONS /admin/getEmployeesByRole
2023-12-27T08:40:23.170+05:30 DEBUG 20136 --- [AMYPO] [http-nio-8080-exec-10] o.s.security.web.FilterChainProxy        : Securing OPTIONS /admin/getEmployees
2023-12-27T08:40:23.206+05:30 DEBUG 20136 --- [AMYPO] [http-nio-8080-exec-10] o.s.security.web.FilterChainProxy        : Securing GET /admin/getEmployees
2023-12-27T08:40:23.210+05:30 DEBUG 20136 --- [AMYPO] [http-nio-8080-exec-2] o.s.s.w.a.AnonymousAuthenticationFilter  : Set SecurityContextHolder to anonymous SecurityContext
2023-12-27T08:40:23.222+05:30 DEBUG 20136 --- [AMYPO] [http-nio-8080-exec-5] o.s.security.web.FilterChainProxy        : Securing GET /admin/getEmployeesByRole
2023-12-27T08:40:23.226+05:30 DEBUG 20136 --- [AMYPO] [http-nio-8080-exec-2] o.s.security.web.FilterChainProxy        : Secured GET /auth/getUserById?uid=825625cf-a7b0-4c1e-9067-927b44fc04d6
2023-12-27T08:40:23.453+05:30 DEBUG 20136 --- [AMYPO] [http-nio-8080-exec-10] o.s.security.web.FilterChainProxy        : Secured GET /admin/getEmployees
2023-12-27T08:40:23.491+05:30 DEBUG 20136 --- [AMYPO] [http-nio-8080-exec-5] o.s.security.web.FilterChainProxy        : Secured GET /admin/getEmployeesByRole
2023-12-27T08:40:23.494+05:30  WARN 20136 --- [AMYPO] [http-nio-8080-exec-5] .w.s.m.s.DefaultHandlerExceptionResolver : Resolved [org.springframework.web.bind.MissingServletRequestParameterException: Required request parameter 'role' for method parameter type String is not present]
2023-12-27T08:40:23.501+05:30 DEBUG 20136 --- [AMYPO] [http-nio-8080-exec-5] o.s.security.web.FilterChainProxy        : Securing GET /error
2023-12-27T08:40:23.504+05:30 DEBUG 20136 --- [AMYPO] [http-nio-8080-exec-5] o.s.s.w.a.AnonymousAuthenticationFilter  : Set SecurityContextHolder to anonymous SecurityContext
2023-12-27T08:40:23.506+05:30 DEBUG 20136 --- [AMYPO] [http-nio-8080-exec-5] o.s.s.w.a.Http403ForbiddenEntryPoint     : Pre-authenticated entry point called. Rejecting access
2023-12-27T08:40:23.511+05:30 DEBUG 20136 --- [AMYPO] [http-nio-8080-exec-6] o.s.security.web.FilterChainProxy        : Securing GET /admin/getEmployeesByRole
2023-12-27T08:40:23.565+05:30 DEBUG 20136 --- [AMYPO] [http-nio-8080-exec-4] o.s.security.web.FilterChainProxy        : Securing GET /auth/getUserById?uid=825625cf-a7b0-4c1e-9067-927b44fc04d6
2023-12-27T08:40:23.565+05:30 DEBUG 20136 --- [AMYPO] [http-nio-8080-exec-4] o.s.s.w.a.AnonymousAuthenticationFilter  : Set SecurityContextHolder to anonymous SecurityContext
2023-12-27T08:40:23.616+05:30 DEBUG 20136 --- [AMYPO] [http-nio-8080-exec-4] o.s.security.web.FilterChainProxy        : Secured GET /auth/getUserById?uid=825625cf-a7b0-4c1e-9067-927b44fc04d6
2023-12-27T08:40:23.625+05:30 DEBUG 20136 --- [AMYPO] [http-nio-8080-exec-6] o.s.security.web.FilterChainProxy        : Secured GET /admin/getEmployeesByRole
2023-12-27T08:40:23.627+05:30  WARN 20136 --- [AMYPO] [http-nio-8080-exec-6] .w.s.m.s.DefaultHandlerExceptionResolver : Resolved [org.springframework.web.bind.MissingServletRequestParameterException: Required request parameter 'role' for method parameter type String is not present]
2023-12-27T08:40:23.632+05:30 DEBUG 20136 --- [AMYPO] [http-nio-8080-exec-6] o.s.security.web.FilterChainProxy        : Securing GET /error
2023-12-27T08:40:23.638+05:30 DEBUG 20136 --- [AMYPO] [http-nio-8080-exec-6] o.s.s.w.a.AnonymousAuthenticationFilter  : Set SecurityContextHolder to anonymous SecurityContext
2023-12-27T08:40:23.639+05:30 DEBUG 20136 --- [AMYPO] [http-nio-8080-exec-6] o.s.s.w.a.Http403ForbiddenEntryPoint     : Pre-authenticated entry point called. Rejecting access
2023-12-27T08:40:23.698+05:30 DEBUG 20136 --- [AMYPO] [http-nio-8080-exec-10] o.s.security.web.FilterChainProxy        : Securing GET /admin/getEmployees
2023-12-27T08:40:23.720+05:30 DEBUG 20136 --- [AMYPO] [http-nio-8080-exec-10] o.s.security.web.FilterChainProxy        : Secured GET /admin/getEmployees
2023-12-27T08:42:22.485+05:30 DEBUG 20136 --- [AMYPO] [http-nio-8080-exec-9] o.s.security.web.FilterChainProxy        : Securing OPTIONS /admin/getEmployees
2023-12-27T08:42:22.485+05:30 DEBUG 20136 --- [AMYPO] [http-nio-8080-exec-4] o.s.security.web.FilterChainProxy        : Securing OPTIONS /admin/getEmployees
2023-12-27T08:42:22.485+05:30 DEBUG 20136 --- [AMYPO] [http-nio-8080-exec-6] o.s.security.web.FilterChainProxy        : Securing OPTIONS /admin/getEmployeesByRole
2023-12-27T08:42:22.485+05:30 DEBUG 20136 --- [AMYPO] [http-nio-8080-exec-2] o.s.security.web.FilterChainProxy        : Securing GET /auth/getUserById?uid=825625cf-a7b0-4c1e-9067-927b44fc04d6
2023-12-27T08:42:22.485+05:30 DEBUG 20136 --- [AMYPO] [http-nio-8080-exec-10] o.s.security.web.FilterChainProxy        : Securing OPTIONS /admin/getEmployeesByRole
2023-12-27T08:42:22.579+05:30 DEBUG 20136 --- [AMYPO] [http-nio-8080-exec-2] o.s.s.w.a.AnonymousAuthenticationFilter  : Set SecurityContextHolder to anonymous SecurityContext
2023-12-27T08:42:22.608+05:30 DEBUG 20136 --- [AMYPO] [http-nio-8080-exec-2] o.s.security.web.FilterChainProxy        : Secured GET /auth/getUserById?uid=825625cf-a7b0-4c1e-9067-927b44fc04d6
2023-12-27T08:42:22.676+05:30 DEBUG 20136 --- [AMYPO] [http-nio-8080-exec-8] o.s.security.web.FilterChainProxy        : Securing GET /admin/getEmployees
2023-12-27T08:42:22.676+05:30 DEBUG 20136 --- [AMYPO] [http-nio-8080-exec-3] o.s.security.web.FilterChainProxy        : Securing GET /admin/getEmployeesByRole
2023-12-27T08:42:22.725+05:30 DEBUG 20136 --- [AMYPO] [http-nio-8080-exec-5] o.s.security.web.FilterChainProxy        : Securing GET /auth/getUserById?uid=825625cf-a7b0-4c1e-9067-927b44fc04d6
2023-12-27T08:42:22.727+05:30 DEBUG 20136 --- [AMYPO] [http-nio-8080-exec-5] o.s.s.w.a.AnonymousAuthenticationFilter  : Set SecurityContextHolder to anonymous SecurityContext
2023-12-27T08:42:22.727+05:30 DEBUG 20136 --- [AMYPO] [http-nio-8080-exec-5] o.s.security.web.FilterChainProxy        : Secured GET /auth/getUserById?uid=825625cf-a7b0-4c1e-9067-927b44fc04d6
2023-12-27T08:42:22.939+05:30 DEBUG 20136 --- [AMYPO] [http-nio-8080-exec-3] o.s.security.web.FilterChainProxy        : Secured GET /admin/getEmployeesByRole
2023-12-27T08:42:22.942+05:30  WARN 20136 --- [AMYPO] [http-nio-8080-exec-3] .w.s.m.s.DefaultHandlerExceptionResolver : Resolved [org.springframework.web.bind.MissingServletRequestParameterException: Required request parameter 'role' for method parameter type String is not present]
2023-12-27T08:42:22.945+05:30 DEBUG 20136 --- [AMYPO] [http-nio-8080-exec-3] o.s.security.web.FilterChainProxy        : Securing GET /error
2023-12-27T08:42:22.949+05:30 DEBUG 20136 --- [AMYPO] [http-nio-8080-exec-3] o.s.s.w.a.AnonymousAuthenticationFilter  : Set SecurityContextHolder to anonymous SecurityContext
2023-12-27T08:42:22.950+05:30 DEBUG 20136 --- [AMYPO] [http-nio-8080-exec-8] o.s.security.web.FilterChainProxy        : Secured GET /admin/getEmployees
2023-12-27T08:42:22.961+05:30 DEBUG 20136 --- [AMYPO] [http-nio-8080-exec-3] o.s.s.w.a.Http403ForbiddenEntryPoint     : Pre-authenticated entry point called. Rejecting access
2023-12-27T08:42:22.966+05:30 DEBUG 20136 --- [AMYPO] [http-nio-8080-exec-1] o.s.security.web.FilterChainProxy        : Securing GET /admin/getEmployeesByRole
2023-12-27T08:42:23.073+05:30 DEBUG 20136 --- [AMYPO] [http-nio-8080-exec-1] o.s.security.web.FilterChainProxy        : Secured GET /admin/getEmployeesByRole
2023-12-27T08:42:23.076+05:30  WARN 20136 --- [AMYPO] [http-nio-8080-exec-1] .w.s.m.s.DefaultHandlerExceptionResolver : Resolved [org.springframework.web.bind.MissingServletRequestParameterException: Required request parameter 'role' for method parameter type String is not present]
2023-12-27T08:42:23.078+05:30 DEBUG 20136 --- [AMYPO] [http-nio-8080-exec-1] o.s.security.web.FilterChainProxy        : Securing GET /error
2023-12-27T08:42:23.087+05:30 DEBUG 20136 --- [AMYPO] [http-nio-8080-exec-1] o.s.s.w.a.AnonymousAuthenticationFilter  : Set SecurityContextHolder to anonymous SecurityContext
2023-12-27T08:42:23.087+05:30 DEBUG 20136 --- [AMYPO] [http-nio-8080-exec-6] o.s.security.web.FilterChainProxy        : Securing GET /admin/getEmployees
2023-12-27T08:42:23.088+05:30 DEBUG 20136 --- [AMYPO] [http-nio-8080-exec-1] o.s.s.w.a.Http403ForbiddenEntryPoint     : Pre-authenticated entry point called. Rejecting access
2023-12-27T08:42:23.110+05:30 DEBUG 20136 --- [AMYPO] [http-nio-8080-exec-6] o.s.security.web.FilterChainProxy        : Secured GET /admin/getEmployees
2023-12-27T08:43:11.394+05:30 DEBUG 20136 --- [AMYPO] [http-nio-8080-exec-3] o.s.security.web.FilterChainProxy        : Securing OPTIONS /admin/updateUser?id=de4fccdc-b38b-4711-9fba-74208cf93af3
2023-12-27T08:43:11.411+05:30 DEBUG 20136 --- [AMYPO] [http-nio-8080-exec-10] o.s.security.web.FilterChainProxy        : Securing PUT /admin/updateUser?id=de4fccdc-b38b-4711-9fba-74208cf93af3
2023-12-27T08:43:11.427+05:30 DEBUG 20136 --- [AMYPO] [http-nio-8080-exec-10] o.s.security.web.FilterChainProxy        : Secured PUT /admin/updateUser?id=de4fccdc-b38b-4711-9fba-74208cf93af3
2023-12-27T08:43:13.426+05:30 DEBUG 20136 --- [AMYPO] [http-nio-8080-exec-7] o.s.security.web.FilterChainProxy        : Securing OPTIONS /admin/getEmployees
2023-12-27T08:43:13.444+05:30 DEBUG 20136 --- [AMYPO] [http-nio-8080-exec-4] o.s.security.web.FilterChainProxy        : Securing GET /admin/getEmployees
2023-12-27T08:43:13.473+05:30 DEBUG 20136 --- [AMYPO] [http-nio-8080-exec-4] o.s.security.web.FilterChainProxy        : Secured GET /admin/getEmployees
